2024-12-01 12:21:01,279 INFO (Version.java:21)- HV000001: Hibernate Validator 8.0.1.Final
2024-12-01 12:21:01,329 INFO (StartupInfoLogger.java:50)- Starting NovelApplication using Java 21.0.1 with PID 6812 (D:\idea_java_projects\novel\target\classes started by 27189 in D:\idea_java_projects\novel)
2024-12-01 12:21:01,329 DEBUG (StartupInfoLogger.java:51)- Running with Spring Boot v3.3.0, Spring v6.1.8
2024-12-01 12:21:01,330 INFO (SpringApplication.java:660)- The following 1 profile is active: "dev"
2024-12-01 12:21:03,047 INFO (RepositoryConfigurationDelegate.java:295)- Multiple Spring Data modules found, entering strict repository configuration mode
2024-12-01 12:21:03,051 INFO (RepositoryConfigurationDelegate.java:143)- Bootstrapping Spring Data Redis repositories in DEFAULT mode.
2024-12-01 12:21:03,076 INFO (RepositoryConfigurationDelegate.java:211)- Finished Spring Data repository scanning in 13 ms. Found 0 Redis repository interfaces.
2024-12-01 12:21:03,821 INFO (TomcatWebServer.java:111)- Tomcat initialized with port 9999 (http)
2024-12-01 12:21:03,828 INFO (DirectJDKLog.java:173)- Initializing ProtocolHandler ["http-nio-9999"]
2024-12-01 12:21:03,830 INFO (DirectJDKLog.java:173)- Starting service [Tomcat]
2024-12-01 12:21:03,830 INFO (DirectJDKLog.java:173)- Starting Servlet engine: [Apache Tomcat/10.1.24]
2024-12-01 12:21:03,872 INFO (DirectJDKLog.java:173)- Initializing Spring embedded WebApplicationContext
2024-12-01 12:21:03,872 INFO (ServletWebServerApplicationContext.java:296)- Root WebApplicationContext: initialization completed in 2503 ms
2024-12-01 12:21:04,719 INFO (HikariDataSource.java:109)- HikariPool-1 - Starting...
2024-12-01 12:21:04,837 INFO (HikariPool.java:554)- HikariPool-1 - Added connection com.mysql.cj.jdbc.ConnectionImpl@1055d261
2024-12-01 12:21:04,839 INFO (HikariDataSource.java:122)- HikariPool-1 - Start completed.
2024-12-01 12:21:04,871 INFO (Slf4jLog.java:37)- Database: jdbc:mysql://localhost:3306/novel (MySQL 8.0)
2024-12-01 12:21:04,986 INFO (Slf4jLog.java:37)- Successfully validated 1 migration (execution time 00:00.045s)
2024-12-01 12:21:04,998 INFO (Slf4jLog.java:37)- Current version of schema `novel`: 1
2024-12-01 12:21:05,008 INFO (Slf4jLog.java:37)- Schema `novel` is up to date. No migration necessary.
2024-12-01 12:21:05,191 INFO (Version.java:41)- Redisson 3.19.1
2024-12-01 12:21:05,403 INFO (ConnectionPool.java:162)- 1 connections initialized for 127.0.0.1/127.0.0.1:6379
2024-12-01 12:21:05,437 INFO (ConnectionPool.java:162)- 24 connections initialized for 127.0.0.1/127.0.0.1:6379
2024-12-01 12:21:06,201 INFO (EndpointLinksResolver.java:60)- Exposing 16 endpoints beneath base path '/actuator'
2024-12-01 12:21:06,252 INFO (DirectJDKLog.java:173)- Starting ProtocolHandler ["http-nio-9999"]
2024-12-01 12:21:06,256 INFO (TomcatWebServer.java:243)- Tomcat started on port 9999 (http) with context path '/'
2024-12-01 12:21:06,266 INFO (StartupInfoLogger.java:56)- Started NovelApplication in 5.418 seconds (process running for 6.96)
2024-12-01 12:21:06,271 INFO (NovelApplication.java:30)- 加载了如下缓存管理器：
2024-12-01 12:21:06,271 INFO (NovelApplication.java:32)- caffeineCacheManager:org.springframework.cache.support.SimpleCacheManager
2024-12-01 12:21:06,271 INFO (NovelApplication.java:33)- 缓存：[homeBookCache, latestNewsCache, bookNewestRankCache, bookUpdateRankCache, bookCategoryListCache, bookInfoCache, bookChapterCache, lastUpdateBookIdListCache]
2024-12-01 12:21:06,272 INFO (NovelApplication.java:32)- redisCacheManager:org.springframework.data.redis.cache.RedisCacheManager
2024-12-01 12:21:06,272 INFO (NovelApplication.java:33)- 缓存：[bookVisitRankCache, homeFriendLinkCache, bookContentCache, userInfoCache, authorInfoCache]
2024-12-01 12:21:06,556 INFO (DirectJDKLog.java:173)- Initializing Spring DispatcherServlet 'dispatcherServlet'
2024-12-01 12:21:06,556 INFO (FrameworkServlet.java:532)- Initializing Servlet 'dispatcherServlet'
2024-12-01 12:21:06,557 INFO (FrameworkServlet.java:554)- Completed initialization in 1 ms
2024-12-01 12:23:18,194 INFO (HikariDataSource.java:349)- HikariPool-1 - Shutdown initiated...
2024-12-01 12:23:18,200 INFO (HikariDataSource.java:351)- HikariPool-1 - Shutdown completed.
2024-12-01 12:23:21,473 INFO (Version.java:21)- HV000001: Hibernate Validator 8.0.1.Final
2024-12-01 12:23:21,495 INFO (StartupInfoLogger.java:50)- Starting NovelApplication using Java 21.0.1 with PID 25496 (D:\idea_java_projects\novel\target\classes started by 27189 in D:\idea_java_projects\novel)
2024-12-01 12:23:21,495 DEBUG (StartupInfoLogger.java:51)- Running with Spring Boot v3.3.0, Spring v6.1.8
2024-12-01 12:23:21,495 INFO (SpringApplication.java:660)- The following 1 profile is active: "dev"
2024-12-01 12:23:22,135 INFO (RepositoryConfigurationDelegate.java:295)- Multiple Spring Data modules found, entering strict repository configuration mode
2024-12-01 12:23:22,138 INFO (RepositoryConfigurationDelegate.java:143)- Bootstrapping Spring Data Redis repositories in DEFAULT mode.
2024-12-01 12:23:22,161 INFO (RepositoryConfigurationDelegate.java:211)- Finished Spring Data repository scanning in 16 ms. Found 0 Redis repository interfaces.
2024-12-01 12:23:22,784 INFO (TomcatWebServer.java:111)- Tomcat initialized with port 9999 (http)
2024-12-01 12:23:22,791 INFO (DirectJDKLog.java:173)- Initializing ProtocolHandler ["http-nio-9999"]
2024-12-01 12:23:22,792 INFO (DirectJDKLog.java:173)- Starting service [Tomcat]
2024-12-01 12:23:22,792 INFO (DirectJDKLog.java:173)- Starting Servlet engine: [Apache Tomcat/10.1.24]
2024-12-01 12:23:22,829 INFO (DirectJDKLog.java:173)- Initializing Spring embedded WebApplicationContext
2024-12-01 12:23:22,829 INFO (ServletWebServerApplicationContext.java:296)- Root WebApplicationContext: initialization completed in 1308 ms
2024-12-01 12:23:23,421 INFO (HikariDataSource.java:109)- HikariPool-1 - Starting...
2024-12-01 12:23:23,507 INFO (HikariPool.java:554)- HikariPool-1 - Added connection com.mysql.cj.jdbc.ConnectionImpl@198c0f1c
2024-12-01 12:23:23,508 INFO (HikariDataSource.java:122)- HikariPool-1 - Start completed.
2024-12-01 12:23:23,533 INFO (Slf4jLog.java:37)- Database: jdbc:mysql://localhost:3306/novel (MySQL 8.0)
2024-12-01 12:23:23,574 INFO (Slf4jLog.java:37)- Successfully validated 1 migration (execution time 00:00.018s)
2024-12-01 12:23:23,585 INFO (Slf4jLog.java:37)- Current version of schema `novel`: 1
2024-12-01 12:23:23,586 INFO (Slf4jLog.java:37)- Schema `novel` is up to date. No migration necessary.
2024-12-01 12:23:23,724 INFO (Version.java:41)- Redisson 3.19.1
2024-12-01 12:23:23,896 INFO (ConnectionPool.java:162)- 1 connections initialized for 127.0.0.1/127.0.0.1:6379
2024-12-01 12:23:23,931 INFO (ConnectionPool.java:162)- 24 connections initialized for 127.0.0.1/127.0.0.1:6379
2024-12-01 12:23:24,640 INFO (EndpointLinksResolver.java:60)- Exposing 16 endpoints beneath base path '/actuator'
2024-12-01 12:23:24,688 INFO (DirectJDKLog.java:173)- Starting ProtocolHandler ["http-nio-9999"]
2024-12-01 12:23:24,693 INFO (TomcatWebServer.java:243)- Tomcat started on port 9999 (http) with context path '/'
2024-12-01 12:23:24,702 INFO (StartupInfoLogger.java:56)- Started NovelApplication in 3.529 seconds (process running for 3.909)
2024-12-01 12:23:24,707 INFO (NovelApplication.java:30)- 加载了如下缓存管理器：
2024-12-01 12:23:24,707 INFO (NovelApplication.java:32)- caffeineCacheManager:org.springframework.cache.support.SimpleCacheManager
2024-12-01 12:23:24,707 INFO (NovelApplication.java:33)- 缓存：[homeBookCache, latestNewsCache, bookNewestRankCache, bookUpdateRankCache, bookCategoryListCache, bookInfoCache, bookChapterCache, lastUpdateBookIdListCache]
2024-12-01 12:23:24,707 INFO (NovelApplication.java:32)- redisCacheManager:org.springframework.data.redis.cache.RedisCacheManager
2024-12-01 12:23:24,707 INFO (NovelApplication.java:33)- 缓存：[bookVisitRankCache, homeFriendLinkCache, bookContentCache, userInfoCache, authorInfoCache]
2024-12-01 12:23:24,950 INFO (DirectJDKLog.java:173)- Initializing Spring DispatcherServlet 'dispatcherServlet'
2024-12-01 12:23:24,950 INFO (FrameworkServlet.java:532)- Initializing Servlet 'dispatcherServlet'
2024-12-01 12:23:24,951 INFO (FrameworkServlet.java:554)- Completed initialization in 1 ms
2024-12-01 12:24:20,936 TRACE (DefaultHttpLogWriter.java:25)- Incoming Request: c5769ccfe66da94f
Remote: 0:0:0:0:0:0:0:1
GET http://localhost:9999/api/front/book/1337874646456864768 HTTP/1.1
accept: */*
accept-encoding: gzip, deflate, br
authorization: XXX
connection: keep-alive
host: localhost:9999
postman-token: 92e902aa-cc5c-486b-a052-46fb00531f22
user-agent: PostmanRuntime/7.43.0
2024-12-01 12:24:20,961 INFO (AuthInterceptor.java:45)- preHandle 方法开始执行
2024-12-01 12:24:20,962 INFO (AuthInterceptor.java:48)- Authorization Header: eyJzeXN0ZW1LZXlIZWFkZXIiOiJmcm9udCIsImFsZyI6IkhTMjU2In0.eyJzdWIiOiIxIn0.bjqJ6Rp6PzZ0Y9Sjk53ITn2y-O6eilxNmcKtb2CKrg0
2024-12-01 12:24:20,962 INFO (AuthInterceptor.java:52)- Authorization header received: eyJzeXN0ZW1LZXlIZWFkZXIiOiJmcm9udCIsImFsZyI6IkhTMjU2In0.eyJzdWIiOiIxIn0.bjqJ6Rp6PzZ0Y9Sjk53ITn2y-O6eilxNmcKtb2CKrg0
2024-12-01 12:24:20,962 INFO (AuthInterceptor.java:64)- 正在获取认证策略: frontAuthStrategy
2024-12-01 12:24:20,963 INFO (FrontAuthStrategy.java:27)- FrontAuthStrategy auth方法被调用
2024-12-01 12:24:20,963 INFO (FrontAuthStrategy.java:30)- Calling authSSO with token: eyJzeXN0ZW1LZXlIZWFkZXIiOiJmcm9udCIsImFsZyI6IkhTMjU2In0.eyJzdWIiOiIxIn0.bjqJ6Rp6PzZ0Y9Sjk53ITn2y-O6eilxNmcKtb2CKrg0
2024-12-01 12:24:21,065 INFO (FrontAuthStrategy.java:36)- authSSO method called successfully.
2024-12-01 12:24:21,116 DEBUG (BaseJdbcLogger.java:135)- ==>  Preparing: SELECT id,work_direction,category_id,category_name,pic_url,book_name,author_id,author_name,book_desc,score,book_status,visit_count,word_count,comment_count,last_chapter_id,last_chapter_name,last_chapter_update_time,is_vip,create_time,update_time FROM book_info WHERE id=?
2024-12-01 12:24:21,130 DEBUG (BaseJdbcLogger.java:135)- ==> Parameters: 1337874646456864768(Long)
2024-12-01 12:24:21,151 DEBUG (BaseJdbcLogger.java:135)- <==      Total: 1
2024-12-01 12:24:21,270 DEBUG (BaseJdbcLogger.java:135)- ==>  Preparing: SELECT id,book_id,chapter_num,chapter_name,word_count,is_vip,create_time,update_time FROM book_chapter WHERE (book_id = ?) ORDER BY chapter_num ASC limit 1
2024-12-01 12:24:21,270 DEBUG (BaseJdbcLogger.java:135)- ==> Parameters: 1337874646456864768(Long)
2024-12-01 12:24:21,282 DEBUG (BaseJdbcLogger.java:135)- <==      Total: 1
2024-12-01 12:24:21,339 TRACE (DefaultHttpLogWriter.java:30)- Outgoing Response: c5769ccfe66da94f
Duration: 421 ms
HTTP/1.1 200 OK
Connection: keep-alive
Content-Type: application/json
Date: Sun, 01 Dec 2024 04:24:21 GMT
Keep-Alive: timeout=60
Transfer-Encoding: chunked
Vary: Origin, Access-Control-Request-Method, Access-Control-Request-Headers

{"code":"00000","message":"一切 ok","data":{"bookId":"1337874646456864768","categoryId":"5","categoryName":"科幻灵异","picUrl":"/images/default.gif","bookName":"黑白道3：渗透","authorId":"0","authorName":"朱维坚","bookDesc":"　　洪水中接连出现一男一女两具尸体，李斌良和战友们经缜密侦查，确认二人都是本市应届高中毕业生。为查明真相，他的足迹随着作家的笔迹奔走于各个校园之间，由此他涉足到一个从未涉及过的领域——教育……","bookStatus":"0","visitCount":"163","wordCount":"316340","commentCount":"0","firstChapterId":"1337874648017145856","lastChapterId":"1337874760709705728","lastChapterName":"第63章 尾声","updateTime":null},"ok":true}
2024-12-01 12:25:20,081 TRACE (DefaultHttpLogWriter.java:25)- Incoming Request: 95ba82acc80ea177
Remote: 0:0:0:0:0:0:0:1
GET http://localhost:9999/api/front/book/1337872061003993088 HTTP/1.1
accept: */*
accept-encoding: gzip, deflate, br
authorization: XXX
connection: keep-alive
host: localhost:9999
postman-token: 8faa6c81-8902-4cf9-9195-69214b36e13d
user-agent: PostmanRuntime/7.43.0
2024-12-01 12:25:20,082 INFO (AuthInterceptor.java:45)- preHandle 方法开始执行
2024-12-01 12:25:20,083 INFO (AuthInterceptor.java:48)- Authorization Header: eyJzeXN0ZW1LZXlIZWFkZXIiOiJmcm9udCIsImFsZyI6IkhTMjU2In0.eyJzdWIiOiIxIn0.bjqJ6Rp6PzZ0Y9Sjk53ITn2y-O6eilxNmcKtb2CKrg0
2024-12-01 12:25:20,084 INFO (AuthInterceptor.java:52)- Authorization header received: eyJzeXN0ZW1LZXlIZWFkZXIiOiJmcm9udCIsImFsZyI6IkhTMjU2In0.eyJzdWIiOiIxIn0.bjqJ6Rp6PzZ0Y9Sjk53ITn2y-O6eilxNmcKtb2CKrg0
2024-12-01 12:25:20,085 INFO (AuthInterceptor.java:64)- 正在获取认证策略: frontAuthStrategy
2024-12-01 12:25:20,085 INFO (FrontAuthStrategy.java:27)- FrontAuthStrategy auth方法被调用
2024-12-01 12:25:20,086 INFO (FrontAuthStrategy.java:30)- Calling authSSO with token: eyJzeXN0ZW1LZXlIZWFkZXIiOiJmcm9udCIsImFsZyI6IkhTMjU2In0.eyJzdWIiOiIxIn0.bjqJ6Rp6PzZ0Y9Sjk53ITn2y-O6eilxNmcKtb2CKrg0
2024-12-01 12:25:20,089 INFO (FrontAuthStrategy.java:36)- authSSO method called successfully.
2024-12-01 12:25:20,092 DEBUG (BaseJdbcLogger.java:135)- ==>  Preparing: SELECT id,work_direction,category_id,category_name,pic_url,book_name,author_id,author_name,book_desc,score,book_status,visit_count,word_count,comment_count,last_chapter_id,last_chapter_name,last_chapter_update_time,is_vip,create_time,update_time FROM book_info WHERE id=?
2024-12-01 12:25:20,094 DEBUG (BaseJdbcLogger.java:135)- ==> Parameters: 1337872061003993088(Long)
2024-12-01 12:25:20,103 DEBUG (BaseJdbcLogger.java:135)- <==      Total: 1
2024-12-01 12:25:20,107 DEBUG (BaseJdbcLogger.java:135)- ==>  Preparing: SELECT id,book_id,chapter_num,chapter_name,word_count,is_vip,create_time,update_time FROM book_chapter WHERE (book_id = ?) ORDER BY chapter_num ASC limit 1
2024-12-01 12:25:20,108 DEBUG (BaseJdbcLogger.java:135)- ==> Parameters: 1337872061003993088(Long)
2024-12-01 12:25:20,113 DEBUG (BaseJdbcLogger.java:135)- <==      Total: 1
2024-12-01 12:25:20,121 TRACE (DefaultHttpLogWriter.java:30)- Outgoing Response: 95ba82acc80ea177
Duration: 38 ms
HTTP/1.1 200 OK
Connection: keep-alive
Content-Type: application/json
Date: Sun, 01 Dec 2024 04:25:20 GMT
Keep-Alive: timeout=60
Transfer-Encoding: chunked
Vary: Origin, Access-Control-Request-Method, Access-Control-Request-Headers

{"code":"00000","message":"一切 ok","data":{"bookId":"1337872061003993088","categoryId":"4","categoryName":"历史军事","picUrl":"/images/default.gif","bookName":"酒楼","authorId":"0","authorName":"许春樵","bookDesc":"　　天德酒楼传到了齐家三兄弟一代，却被老大一人独占。老三齐立言不愿接受兄长的施舍，也不堪老大的精神虐待，在造汽车的白日梦幻灭后，从最底层做起，历经穷困潦倒和各种打击，终于创办了自己的酒楼，吞并了老大的酒楼。成功后的齐立言却变了，由诚笃奋发的创业者变成了狡诈贪心的资本野心家……","bookStatus":"0","visitCount":"197","wordCount":"268359","commentCount":"0","firstChapterId":"1337872073817591808","lastChapterId":"1337872219389300736","lastChapterName":"第63章 第二十三章 2","updateTime":null},"ok":true}
2024-12-01 13:00:18,860 INFO (HikariDataSource.java:349)- HikariPool-1 - Shutdown initiated...
2024-12-01 13:00:18,860 INFO (HikariDataSource.java:351)- HikariPool-1 - Shutdown completed.
2024-12-01 17:37:22,470 INFO (Version.java:21)- HV000001: Hibernate Validator 8.0.1.Final
2024-12-01 17:37:22,499 INFO (StartupInfoLogger.java:50)- Starting NovelApplication using Java 21.0.1 with PID 3316 (D:\idea_java_projects\novel\target\classes started by 27189 in D:\idea_java_projects\novel)
2024-12-01 17:37:22,499 DEBUG (StartupInfoLogger.java:51)- Running with Spring Boot v3.3.0, Spring v6.1.8
2024-12-01 17:37:22,500 INFO (SpringApplication.java:660)- The following 1 profile is active: "dev"
2024-12-01 17:37:23,748 INFO (RepositoryConfigurationDelegate.java:295)- Multiple Spring Data modules found, entering strict repository configuration mode
2024-12-01 17:37:23,751 INFO (RepositoryConfigurationDelegate.java:143)- Bootstrapping Spring Data Redis repositories in DEFAULT mode.
2024-12-01 17:37:23,774 INFO (RepositoryConfigurationDelegate.java:211)- Finished Spring Data repository scanning in 13 ms. Found 0 Redis repository interfaces.
2024-12-01 17:37:24,467 INFO (TomcatWebServer.java:111)- Tomcat initialized with port 9999 (http)
2024-12-01 17:37:24,474 INFO (DirectJDKLog.java:173)- Initializing ProtocolHandler ["http-nio-9999"]
2024-12-01 17:37:24,476 INFO (DirectJDKLog.java:173)- Starting service [Tomcat]
2024-12-01 17:37:24,476 INFO (DirectJDKLog.java:173)- Starting Servlet engine: [Apache Tomcat/10.1.24]
2024-12-01 17:37:24,520 INFO (DirectJDKLog.java:173)- Initializing Spring embedded WebApplicationContext
2024-12-01 17:37:24,521 INFO (ServletWebServerApplicationContext.java:296)- Root WebApplicationContext: initialization completed in 1993 ms
2024-12-01 17:37:25,371 INFO (HikariDataSource.java:109)- HikariPool-1 - Starting...
2024-12-01 17:37:25,525 INFO (HikariPool.java:554)- HikariPool-1 - Added connection com.mysql.cj.jdbc.ConnectionImpl@4860627a
2024-12-01 17:37:25,526 INFO (HikariDataSource.java:122)- HikariPool-1 - Start completed.
2024-12-01 17:37:25,576 INFO (Slf4jLog.java:37)- Database: jdbc:mysql://localhost:3306/novel (MySQL 8.0)
2024-12-01 17:37:25,627 INFO (Slf4jLog.java:37)- Successfully validated 1 migration (execution time 00:00.030s)
2024-12-01 17:37:25,640 INFO (Slf4jLog.java:37)- Current version of schema `novel`: 1
2024-12-01 17:37:25,645 INFO (Slf4jLog.java:37)- Schema `novel` is up to date. No migration necessary.
2024-12-01 17:37:25,806 INFO (Version.java:41)- Redisson 3.19.1
2024-12-01 17:37:26,061 INFO (ConnectionPool.java:162)- 1 connections initialized for 127.0.0.1/127.0.0.1:6379
2024-12-01 17:37:26,092 INFO (ConnectionPool.java:162)- 24 connections initialized for 127.0.0.1/127.0.0.1:6379
2024-12-01 17:37:26,830 INFO (EndpointLinksResolver.java:60)- Exposing 16 endpoints beneath base path '/actuator'
2024-12-01 17:37:26,878 INFO (DirectJDKLog.java:173)- Starting ProtocolHandler ["http-nio-9999"]
2024-12-01 17:37:26,883 INFO (TomcatWebServer.java:243)- Tomcat started on port 9999 (http) with context path '/'
2024-12-01 17:37:26,891 INFO (StartupInfoLogger.java:56)- Started NovelApplication in 4.772 seconds (process running for 6.415)
2024-12-01 17:37:26,896 INFO (NovelApplication.java:30)- 加载了如下缓存管理器：
2024-12-01 17:37:26,896 INFO (NovelApplication.java:32)- caffeineCacheManager:org.springframework.cache.support.SimpleCacheManager
2024-12-01 17:37:26,896 INFO (NovelApplication.java:33)- 缓存：[homeBookCache, latestNewsCache, bookNewestRankCache, bookUpdateRankCache, bookCategoryListCache, bookInfoCache, bookChapterCache, lastUpdateBookIdListCache]
2024-12-01 17:37:26,896 INFO (NovelApplication.java:32)- redisCacheManager:org.springframework.data.redis.cache.RedisCacheManager
2024-12-01 17:37:26,896 INFO (NovelApplication.java:33)- 缓存：[bookVisitRankCache, homeFriendLinkCache, bookContentCache, userInfoCache, authorInfoCache]
2024-12-01 17:37:27,211 INFO (DirectJDKLog.java:173)- Initializing Spring DispatcherServlet 'dispatcherServlet'
2024-12-01 17:37:27,213 INFO (FrameworkServlet.java:532)- Initializing Servlet 'dispatcherServlet'
2024-12-01 17:37:27,214 INFO (FrameworkServlet.java:554)- Completed initialization in 0 ms
2024-12-01 17:37:52,225 TRACE (DefaultHttpLogWriter.java:25)- Incoming Request: d8cc8c84704cbc61
Remote: 0:0:0:0:0:0:0:1
GET http://localhost:9999/api/front/book/1337872061003993088 HTTP/1.1
accept: */*
accept-encoding: gzip, deflate, br
authorization: XXX
connection: keep-alive
host: localhost:9999
postman-token: 4a8dd595-fbbf-449a-96c5-5ab0eb40a19f
user-agent: PostmanRuntime/7.43.0
2024-12-01 17:37:52,245 INFO (AuthInterceptor.java:45)- preHandle 方法开始执行
2024-12-01 17:37:52,247 INFO (AuthInterceptor.java:48)- Authorization Header: eyJzeXN0ZW1LZXlIZWFkZXIiOiJmcm9udCIsImFsZyI6IkhTMjU2In0.eyJzdWIiOiIxIn0.bjqJ6Rp6PzZ0Y9Sjk53ITn2y-O6eilxNmcKtb2CKrg0
2024-12-01 17:37:52,248 INFO (AuthInterceptor.java:52)- Authorization header received: eyJzeXN0ZW1LZXlIZWFkZXIiOiJmcm9udCIsImFsZyI6IkhTMjU2In0.eyJzdWIiOiIxIn0.bjqJ6Rp6PzZ0Y9Sjk53ITn2y-O6eilxNmcKtb2CKrg0
2024-12-01 17:37:52,249 INFO (AuthInterceptor.java:64)- 正在获取认证策略: frontAuthStrategy
2024-12-01 17:37:52,250 INFO (FrontAuthStrategy.java:27)- FrontAuthStrategy auth方法被调用
2024-12-01 17:37:52,250 INFO (FrontAuthStrategy.java:30)- Calling authSSO with token: eyJzeXN0ZW1LZXlIZWFkZXIiOiJmcm9udCIsImFsZyI6IkhTMjU2In0.eyJzdWIiOiIxIn0.bjqJ6Rp6PzZ0Y9Sjk53ITn2y-O6eilxNmcKtb2CKrg0
2024-12-01 17:37:52,359 INFO (FrontAuthStrategy.java:36)- authSSO method called successfully.
2024-12-01 17:37:52,425 DEBUG (BaseJdbcLogger.java:135)- ==>  Preparing: SELECT id,work_direction,category_id,category_name,pic_url,book_name,author_id,author_name,book_desc,score,book_status,visit_count,word_count,comment_count,last_chapter_id,last_chapter_name,last_chapter_update_time,is_vip,create_time,update_time FROM book_info WHERE id=?
2024-12-01 17:37:52,451 DEBUG (BaseJdbcLogger.java:135)- ==> Parameters: 1337872061003993088(Long)
2024-12-01 17:37:52,516 DEBUG (BaseJdbcLogger.java:135)- <==      Total: 1
2024-12-01 17:37:52,654 DEBUG (BaseJdbcLogger.java:135)- ==>  Preparing: SELECT id,book_id,chapter_num,chapter_name,word_count,is_vip,create_time,update_time FROM book_chapter WHERE (book_id = ?) ORDER BY chapter_num ASC limit 1
2024-12-01 17:37:52,656 DEBUG (BaseJdbcLogger.java:135)- ==> Parameters: 1337872061003993088(Long)
2024-12-01 17:37:52,690 DEBUG (BaseJdbcLogger.java:135)- <==      Total: 1
2024-12-01 17:37:52,759 TRACE (DefaultHttpLogWriter.java:30)- Outgoing Response: d8cc8c84704cbc61
Duration: 539 ms
HTTP/1.1 200 OK
Connection: keep-alive
Content-Type: application/json
Date: Sun, 01 Dec 2024 09:37:52 GMT
Keep-Alive: timeout=60
Transfer-Encoding: chunked
Vary: Origin, Access-Control-Request-Method, Access-Control-Request-Headers

{"code":"00000","message":"一切 ok","data":{"bookId":"1337872061003993088","categoryId":"4","categoryName":"历史军事","picUrl":"/images/default.gif","bookName":"酒楼","authorId":"0","authorName":"许春樵","bookDesc":"　　天德酒楼传到了齐家三兄弟一代，却被老大一人独占。老三齐立言不愿接受兄长的施舍，也不堪老大的精神虐待，在造汽车的白日梦幻灭后，从最底层做起，历经穷困潦倒和各种打击，终于创办了自己的酒楼，吞并了老大的酒楼。成功后的齐立言却变了，由诚笃奋发的创业者变成了狡诈贪心的资本野心家……","bookStatus":"0","visitCount":"197","wordCount":"268359","commentCount":"0","firstChapterId":"1337872073817591808","lastChapterId":"1337872219389300736","lastChapterName":"第63章 第二十三章 2","updateTime":null},"ok":true}
2024-12-01 18:02:18,035 INFO (HikariDataSource.java:349)- HikariPool-1 - Shutdown initiated...
2024-12-01 18:02:18,043 INFO (HikariDataSource.java:351)- HikariPool-1 - Shutdown completed.
2024-12-01 18:12:56,710 INFO (Version.java:21)- HV000001: Hibernate Validator 8.0.1.Final
2024-12-01 18:12:56,729 INFO (StartupInfoLogger.java:50)- Starting NovelApplication using Java 21.0.1 with PID 12164 (D:\idea_java_projects\novel\target\classes started by 27189 in D:\idea_java_projects\novel)
2024-12-01 18:12:56,729 DEBUG (StartupInfoLogger.java:51)- Running with Spring Boot v3.3.0, Spring v6.1.8
2024-12-01 18:12:56,729 INFO (SpringApplication.java:660)- The following 1 profile is active: "dev"
2024-12-01 18:12:57,354 INFO (RepositoryConfigurationDelegate.java:295)- Multiple Spring Data modules found, entering strict repository configuration mode
2024-12-01 18:12:57,356 INFO (RepositoryConfigurationDelegate.java:143)- Bootstrapping Spring Data Redis repositories in DEFAULT mode.
2024-12-01 18:12:57,379 INFO (RepositoryConfigurationDelegate.java:211)- Finished Spring Data repository scanning in 15 ms. Found 0 Redis repository interfaces.
2024-12-01 18:12:57,996 INFO (TomcatWebServer.java:111)- Tomcat initialized with port 9999 (http)
2024-12-01 18:12:58,003 INFO (DirectJDKLog.java:173)- Initializing ProtocolHandler ["http-nio-9999"]
2024-12-01 18:12:58,004 INFO (DirectJDKLog.java:173)- Starting service [Tomcat]
2024-12-01 18:12:58,004 INFO (DirectJDKLog.java:173)- Starting Servlet engine: [Apache Tomcat/10.1.24]
2024-12-01 18:12:58,042 INFO (DirectJDKLog.java:173)- Initializing Spring embedded WebApplicationContext
2024-12-01 18:12:58,042 INFO (ServletWebServerApplicationContext.java:296)- Root WebApplicationContext: initialization completed in 1289 ms
2024-12-01 18:12:58,666 INFO (HikariDataSource.java:109)- HikariPool-1 - Starting...
2024-12-01 18:12:58,756 INFO (HikariPool.java:554)- HikariPool-1 - Added connection com.mysql.cj.jdbc.ConnectionImpl@7d15c513
2024-12-01 18:12:58,758 INFO (HikariDataSource.java:122)- HikariPool-1 - Start completed.
2024-12-01 18:12:58,782 INFO (Slf4jLog.java:37)- Database: jdbc:mysql://localhost:3306/novel (MySQL 8.0)
2024-12-01 18:12:58,812 INFO (Slf4jLog.java:37)- Successfully validated 1 migration (execution time 00:00.013s)
2024-12-01 18:12:58,822 INFO (Slf4jLog.java:37)- Current version of schema `novel`: 1
2024-12-01 18:12:58,824 INFO (Slf4jLog.java:37)- Schema `novel` is up to date. No migration necessary.
2024-12-01 18:12:58,964 INFO (Version.java:41)- Redisson 3.19.1
2024-12-01 18:12:59,144 INFO (ConnectionPool.java:162)- 1 connections initialized for 127.0.0.1/127.0.0.1:6379
2024-12-01 18:12:59,174 INFO (ConnectionPool.java:162)- 24 connections initialized for 127.0.0.1/127.0.0.1:6379
2024-12-01 18:12:59,862 INFO (EndpointLinksResolver.java:60)- Exposing 16 endpoints beneath base path '/actuator'
2024-12-01 18:12:59,914 INFO (DirectJDKLog.java:173)- Starting ProtocolHandler ["http-nio-9999"]
2024-12-01 18:12:59,918 INFO (TomcatWebServer.java:243)- Tomcat started on port 9999 (http) with context path '/'
2024-12-01 18:12:59,927 INFO (StartupInfoLogger.java:56)- Started NovelApplication in 3.533 seconds (process running for 3.924)
2024-12-01 18:12:59,931 INFO (NovelApplication.java:30)- 加载了如下缓存管理器：
2024-12-01 18:12:59,931 INFO (NovelApplication.java:32)- caffeineCacheManager:org.springframework.cache.support.SimpleCacheManager
2024-12-01 18:12:59,931 INFO (NovelApplication.java:33)- 缓存：[homeBookCache, latestNewsCache, bookNewestRankCache, bookUpdateRankCache, bookCategoryListCache, bookInfoCache, bookChapterCache, lastUpdateBookIdListCache]
2024-12-01 18:12:59,931 INFO (NovelApplication.java:32)- redisCacheManager:org.springframework.data.redis.cache.RedisCacheManager
2024-12-01 18:12:59,931 INFO (NovelApplication.java:33)- 缓存：[bookVisitRankCache, homeFriendLinkCache, bookContentCache, userInfoCache, authorInfoCache]
2024-12-01 18:13:00,161 INFO (DirectJDKLog.java:173)- Initializing Spring DispatcherServlet 'dispatcherServlet'
2024-12-01 18:13:00,162 INFO (FrameworkServlet.java:532)- Initializing Servlet 'dispatcherServlet'
2024-12-01 18:13:00,162 INFO (FrameworkServlet.java:554)- Completed initialization in 0 ms
2024-12-01 18:13:49,781 TRACE (DefaultHttpLogWriter.java:25)- Incoming Request: bd237d4b9b5824a2
Remote: 0:0:0:0:0:0:0:1
POST http://localhost:9999/api/front/user/comment HTTP/1.1
accept: */*
accept-encoding: gzip, deflate, br
authorization: XXX
connection: keep-alive
content-length: 531
content-type: application/json
host: localhost:9999
postman-token: b59297fc-c19b-4932-840f-0057569be44e
user-agent: PostmanRuntime/7.43.0

{"userId":13186090684,"bookId":1337872061003993088,"commentContent":"其实这个世界排名第一，对于你刚刚拿到来说，可能你是非常开心激动的，但是当你得到了以后其实并没有多么的重要，更重要的还是比赛的成绩来说吧，当然你能取得世界排名第一可能是因为你的成绩和积分，拿到了很多的冠军才能拿到第一，所以说这也是两面性的东西，但是并没有说一个世界排名第一自己有多去看重多么在意"}
2024-12-01 18:13:49,800 INFO (AuthInterceptor.java:45)- preHandle 方法开始执行
2024-12-01 18:13:49,804 INFO (AuthInterceptor.java:48)- Authorization Header: eyJzeXN0ZW1LZXlIZWFkZXIiOiJmcm9udCIsImFsZyI6IkhTMjU2In0.eyJzdWIiOiI2In0.Poz0_khEFJpRZI7O21nVzOne-WARTuGq2biVEf9EvZw
2024-12-01 18:13:49,805 INFO (AuthInterceptor.java:52)- Authorization header received: eyJzeXN0ZW1LZXlIZWFkZXIiOiJmcm9udCIsImFsZyI6IkhTMjU2In0.eyJzdWIiOiI2In0.Poz0_khEFJpRZI7O21nVzOne-WARTuGq2biVEf9EvZw
2024-12-01 18:13:49,808 INFO (AuthInterceptor.java:64)- 正在获取认证策略: frontAuthStrategy
2024-12-01 18:13:49,809 INFO (FrontAuthStrategy.java:27)- FrontAuthStrategy auth方法被调用
2024-12-01 18:13:49,810 INFO (FrontAuthStrategy.java:30)- Calling authSSO with token: eyJzeXN0ZW1LZXlIZWFkZXIiOiJmcm9udCIsImFsZyI6IkhTMjU2In0.eyJzdWIiOiI2In0.Poz0_khEFJpRZI7O21nVzOne-WARTuGq2biVEf9EvZw
2024-12-01 18:13:50,026 DEBUG (BaseJdbcLogger.java:135)- ==>  Preparing: SELECT id,username,password,salt,nick_name,user_photo,user_sex,status,create_time,update_time FROM user_info WHERE id=?
2024-12-01 18:13:50,042 DEBUG (BaseJdbcLogger.java:135)- ==> Parameters: 6(Long)
2024-12-01 18:13:50,064 DEBUG (BaseJdbcLogger.java:135)- <==      Total: 1
2024-12-01 18:13:50,074 INFO (FrontAuthStrategy.java:36)- authSSO method called successfully.
2024-12-01 18:13:50,228 INFO (UserController.java:53)- UserId from UserHolder: 6
2024-12-01 18:13:50,308 DEBUG (BaseJdbcLogger.java:135)- ==>  Preparing: SELECT COUNT( * ) AS total FROM book_comment WHERE (user_id = ? AND book_id = ?)
2024-12-01 18:13:50,309 DEBUG (BaseJdbcLogger.java:135)- ==> Parameters: 6(Long), 1337872061003993088(Long)
2024-12-01 18:13:50,314 DEBUG (BaseJdbcLogger.java:135)- <==      Total: 1
2024-12-01 18:13:50,345 TRACE (DefaultHttpLogWriter.java:30)- Outgoing Response: bd237d4b9b5824a2
Duration: 586 ms
HTTP/1.1 200 OK
Connection: keep-alive
Content-Type: application/json
Date: Sun, 01 Dec 2024 10:13:50 GMT
Keep-Alive: timeout=60
Transfer-Encoding: chunked
Vary: Origin, Access-Control-Request-Method, Access-Control-Request-Headers

{"code":"A2001","message":"用户已发表评论","data":null,"ok":false}
2024-12-01 18:14:22,390 TRACE (DefaultHttpLogWriter.java:25)- Incoming Request: bbf3d8abd650f7c5
Remote: 0:0:0:0:0:0:0:1
DELETE http://localhost:9999/api/front/user/comment/1334334734843609088 HTTP/1.1
accept: */*
accept-encoding: gzip, deflate, br
authorization: XXX
connection: keep-alive
host: localhost:9999
postman-token: 48031ddc-7dc5-4613-9240-4f8201cb99c1
user-agent: PostmanRuntime/7.43.0
2024-12-01 18:14:22,393 INFO (AuthInterceptor.java:45)- preHandle 方法开始执行
2024-12-01 18:14:22,393 INFO (AuthInterceptor.java:48)- Authorization Header: eyJzeXN0ZW1LZXlIZWFkZXIiOiJmcm9udCIsImFsZyI6IkhTMjU2In0.eyJzdWIiOiIxIn0.bjqJ6Rp6PzZ0Y9Sjk53ITn2y-O6eilxNmcKtb2CKrg0
2024-12-01 18:14:22,393 INFO (AuthInterceptor.java:52)- Authorization header received: eyJzeXN0ZW1LZXlIZWFkZXIiOiJmcm9udCIsImFsZyI6IkhTMjU2In0.eyJzdWIiOiIxIn0.bjqJ6Rp6PzZ0Y9Sjk53ITn2y-O6eilxNmcKtb2CKrg0
2024-12-01 18:14:22,393 INFO (AuthInterceptor.java:64)- 正在获取认证策略: frontAuthStrategy
2024-12-01 18:14:22,393 INFO (FrontAuthStrategy.java:27)- FrontAuthStrategy auth方法被调用
2024-12-01 18:14:22,393 INFO (FrontAuthStrategy.java:30)- Calling authSSO with token: eyJzeXN0ZW1LZXlIZWFkZXIiOiJmcm9udCIsImFsZyI6IkhTMjU2In0.eyJzdWIiOiIxIn0.bjqJ6Rp6PzZ0Y9Sjk53ITn2y-O6eilxNmcKtb2CKrg0
2024-12-01 18:14:22,399 INFO (FrontAuthStrategy.java:36)- authSSO method called successfully.
2024-12-01 18:14:22,412 DEBUG (BaseJdbcLogger.java:135)- ==>  Preparing: DELETE FROM book_comment WHERE (id = ? AND user_id = ?)
2024-12-01 18:14:22,414 DEBUG (BaseJdbcLogger.java:135)- ==> Parameters: 1334334734843609088(Long), 1(Long)
2024-12-01 18:14:22,429 DEBUG (BaseJdbcLogger.java:135)- <==    Updates: 0
2024-12-01 18:14:22,433 TRACE (DefaultHttpLogWriter.java:30)- Outgoing Response: bbf3d8abd650f7c5
Duration: 40 ms
HTTP/1.1 200 OK
Connection: keep-alive
Content-Type: application/json
Date: Sun, 01 Dec 2024 10:14:22 GMT
Keep-Alive: timeout=60
Transfer-Encoding: chunked
Vary: Origin, Access-Control-Request-Method, Access-Control-Request-Headers

{"code":"00000","message":"一切 ok","data":null,"ok":true}
2024-12-01 18:16:03,101 TRACE (DefaultHttpLogWriter.java:25)- Incoming Request: fc7e3015a6367ca2
Remote: 0:0:0:0:0:0:0:1
POST http://localhost:9999/api/front/user/login HTTP/1.1
accept: */*
accept-encoding: gzip, deflate, br
connection: keep-alive
content-length: 60
content-type: application/json
host: localhost:9999
postman-token: 62fd5787-eeba-4c96-b437-738dafafa35b
token: eyJzeXN0ZW1LZXlIZWFkZXIiOiJmcm9udCIsImFsZyI6IkhTMjU2In0.eyJzdWIiOiI1In0.jiy3AL-EIkyyqIrKllJAYYk69tJlcoJ6z-_wxRTKMN0
user-agent: PostmanRuntime/7.43.0

{"username":"13186090685","password":"123456"}
2024-12-01 18:16:03,125 DEBUG (BaseJdbcLogger.java:135)- ==>  Preparing: SELECT id,username,password,salt,nick_name,user_photo,user_sex,status,create_time,update_time FROM user_info WHERE (username = ?)
2024-12-01 18:16:03,128 DEBUG (BaseJdbcLogger.java:135)- ==> Parameters: 13186090685(String)
2024-12-01 18:16:03,133 DEBUG (BaseJdbcLogger.java:135)- <==      Total: 1
2024-12-01 18:16:03,167 TRACE (DefaultHttpLogWriter.java:30)- Outgoing Response: fc7e3015a6367ca2
Duration: 64 ms
HTTP/1.1 200 OK
Connection: keep-alive
Content-Type: application/json
Date: Sun, 01 Dec 2024 10:16:03 GMT
Keep-Alive: timeout=60
Transfer-Encoding: chunked
Vary: Origin, Access-Control-Request-Method, Access-Control-Request-Headers

{"code":"00000","message":"一切 ok","data":{"uid":"2","nickName":"13186090685","token":"eyJzeXN0ZW1LZXlIZWFkZXIiOiJmcm9udCIsImFsZyI6IkhTMjU2In0.eyJzdWIiOiIyIn0.0HPOZxUGuP84E9VHGF3Fb0rxz2ZTuFAhTuH0bJWxLp4"},"ok":true}
2024-12-01 18:17:13,097 TRACE (DefaultHttpLogWriter.java:25)- Incoming Request: e91173270caa82b7
Remote: 0:0:0:0:0:0:0:1
DELETE http://localhost:9999/api/front/user/comment/1337872061003993088 HTTP/1.1
accept: */*
accept-encoding: gzip, deflate, br
authorization: XXX
connection: keep-alive
host: localhost:9999
postman-token: c9b2871f-b4fb-4627-8b4a-b1b226f35e5e
user-agent: PostmanRuntime/7.43.0
2024-12-01 18:17:13,099 INFO (AuthInterceptor.java:45)- preHandle 方法开始执行
2024-12-01 18:17:13,099 INFO (AuthInterceptor.java:48)- Authorization Header: eyJzeXN0ZW1LZXlIZWFkZXIiOiJmcm9udCIsImFsZyI6IkhTMjU2In0.eyJzdWIiOiIyIn0.0HPOZxUGuP84E9VHGF3Fb0rxz2ZTuFAhTuH0bJWxLp4
2024-12-01 18:17:13,101 INFO (AuthInterceptor.java:52)- Authorization header received: eyJzeXN0ZW1LZXlIZWFkZXIiOiJmcm9udCIsImFsZyI6IkhTMjU2In0.eyJzdWIiOiIyIn0.0HPOZxUGuP84E9VHGF3Fb0rxz2ZTuFAhTuH0bJWxLp4
2024-12-01 18:17:13,101 INFO (AuthInterceptor.java:64)- 正在获取认证策略: frontAuthStrategy
2024-12-01 18:17:13,101 INFO (FrontAuthStrategy.java:27)- FrontAuthStrategy auth方法被调用
2024-12-01 18:17:13,101 INFO (FrontAuthStrategy.java:30)- Calling authSSO with token: eyJzeXN0ZW1LZXlIZWFkZXIiOiJmcm9udCIsImFsZyI6IkhTMjU2In0.eyJzdWIiOiIyIn0.0HPOZxUGuP84E9VHGF3Fb0rxz2ZTuFAhTuH0bJWxLp4
2024-12-01 18:17:13,106 DEBUG (BaseJdbcLogger.java:135)- ==>  Preparing: SELECT id,username,password,salt,nick_name,user_photo,user_sex,status,create_time,update_time FROM user_info WHERE id=?
2024-12-01 18:17:13,108 DEBUG (BaseJdbcLogger.java:135)- ==> Parameters: 2(Long)
2024-12-01 18:17:13,114 DEBUG (BaseJdbcLogger.java:135)- <==      Total: 1
2024-12-01 18:17:13,119 INFO (FrontAuthStrategy.java:36)- authSSO method called successfully.
2024-12-01 18:17:13,120 DEBUG (BaseJdbcLogger.java:135)- ==>  Preparing: DELETE FROM book_comment WHERE (id = ? AND user_id = ?)
2024-12-01 18:17:13,121 DEBUG (BaseJdbcLogger.java:135)- ==> Parameters: 1337872061003993088(Long), 2(Long)
2024-12-01 18:17:13,124 DEBUG (BaseJdbcLogger.java:135)- <==    Updates: 0
2024-12-01 18:17:13,127 TRACE (DefaultHttpLogWriter.java:30)- Outgoing Response: e91173270caa82b7
Duration: 29 ms
HTTP/1.1 200 OK
Connection: keep-alive
Content-Type: application/json
Date: Sun, 01 Dec 2024 10:17:13 GMT
Keep-Alive: timeout=60
Transfer-Encoding: chunked
Vary: Origin, Access-Control-Request-Method, Access-Control-Request-Headers

{"code":"00000","message":"一切 ok","data":null,"ok":true}
2024-12-01 18:19:21,967 TRACE (DefaultHttpLogWriter.java:25)- Incoming Request: 9d45e5d945f4d245
Remote: 0:0:0:0:0:0:0:1
DELETE http://localhost:9999/api/front/user/comment/8 HTTP/1.1
accept: */*
accept-encoding: gzip, deflate, br
authorization: XXX
connection: keep-alive
host: localhost:9999
postman-token: 89ebad81-1895-4717-aabb-c830aafa4ad4
user-agent: PostmanRuntime/7.43.0
2024-12-01 18:19:21,973 INFO (AuthInterceptor.java:45)- preHandle 方法开始执行
2024-12-01 18:19:21,975 INFO (AuthInterceptor.java:48)- Authorization Header: eyJzeXN0ZW1LZXlIZWFkZXIiOiJmcm9udCIsImFsZyI6IkhTMjU2In0.eyJzdWIiOiIyIn0.0HPOZxUGuP84E9VHGF3Fb0rxz2ZTuFAhTuH0bJWxLp4
2024-12-01 18:19:21,976 INFO (AuthInterceptor.java:52)- Authorization header received: eyJzeXN0ZW1LZXlIZWFkZXIiOiJmcm9udCIsImFsZyI6IkhTMjU2In0.eyJzdWIiOiIyIn0.0HPOZxUGuP84E9VHGF3Fb0rxz2ZTuFAhTuH0bJWxLp4
2024-12-01 18:19:21,976 INFO (AuthInterceptor.java:64)- 正在获取认证策略: frontAuthStrategy
2024-12-01 18:19:21,977 INFO (FrontAuthStrategy.java:27)- FrontAuthStrategy auth方法被调用
2024-12-01 18:19:21,977 INFO (FrontAuthStrategy.java:30)- Calling authSSO with token: eyJzeXN0ZW1LZXlIZWFkZXIiOiJmcm9udCIsImFsZyI6IkhTMjU2In0.eyJzdWIiOiIyIn0.0HPOZxUGuP84E9VHGF3Fb0rxz2ZTuFAhTuH0bJWxLp4
2024-12-01 18:19:21,984 INFO (FrontAuthStrategy.java:36)- authSSO method called successfully.
2024-12-01 18:19:21,988 DEBUG (BaseJdbcLogger.java:135)- ==>  Preparing: DELETE FROM book_comment WHERE (id = ? AND user_id = ?)
2024-12-01 18:19:21,990 DEBUG (BaseJdbcLogger.java:135)- ==> Parameters: 8(Long), 2(Long)
2024-12-01 18:19:22,009 DEBUG (BaseJdbcLogger.java:135)- <==    Updates: 1
2024-12-01 18:19:22,014 TRACE (DefaultHttpLogWriter.java:30)- Outgoing Response: 9d45e5d945f4d245
Duration: 48 ms
HTTP/1.1 200 OK
Connection: keep-alive
Content-Type: application/json
Date: Sun, 01 Dec 2024 10:19:22 GMT
Keep-Alive: timeout=60
Transfer-Encoding: chunked
Vary: Origin, Access-Control-Request-Method, Access-Control-Request-Headers

{"code":"00000","message":"一切 ok","data":null,"ok":true}
2024-12-01 18:21:33,972 TRACE (DefaultHttpLogWriter.java:25)- Incoming Request: a6369924b38a2f5c
Remote: 0:0:0:0:0:0:0:1
POST http://localhost:9999/api/front/user/login HTTP/1.1
accept: */*
accept-encoding: gzip, deflate, br
connection: keep-alive
content-length: 60
content-type: application/json
host: localhost:9999
postman-token: 43169da1-38f3-46f8-a05e-4a06b76bc55b
token: eyJzeXN0ZW1LZXlIZWFkZXIiOiJmcm9udCIsImFsZyI6IkhTMjU2In0.eyJzdWIiOiI1In0.jiy3AL-EIkyyqIrKllJAYYk69tJlcoJ6z-_wxRTKMN0
user-agent: PostmanRuntime/7.43.0

{"username":"13632345678","password":"123456"}
2024-12-01 18:21:33,979 DEBUG (BaseJdbcLogger.java:135)- ==>  Preparing: SELECT id,username,password,salt,nick_name,user_photo,user_sex,status,create_time,update_time FROM user_info WHERE (username = ?)
2024-12-01 18:21:33,979 DEBUG (BaseJdbcLogger.java:135)- ==> Parameters: 13632345678(String)
2024-12-01 18:21:33,982 DEBUG (BaseJdbcLogger.java:135)- <==      Total: 1
2024-12-01 18:21:33,987 TRACE (DefaultHttpLogWriter.java:30)- Outgoing Response: a6369924b38a2f5c
Duration: 15 ms
HTTP/1.1 200 OK
Connection: keep-alive
Content-Type: application/json
Date: Sun, 01 Dec 2024 10:21:33 GMT
Keep-Alive: timeout=60
Transfer-Encoding: chunked
Vary: Origin, Access-Control-Request-Method, Access-Control-Request-Headers

{"code":"00000","message":"一切 ok","data":{"uid":"1","nickName":"用户1","token":"eyJzeXN0ZW1LZXlIZWFkZXIiOiJmcm9udCIsImFsZyI6IkhTMjU2In0.eyJzdWIiOiIxIn0.bjqJ6Rp6PzZ0Y9Sjk53ITn2y-O6eilxNmcKtb2CKrg0"},"ok":true}
2024-12-01 18:22:18,023 TRACE (CompactingJsonBodyFilter.java:37)- Unable to compact body, is it a JSON?. Keep it as-is: `Unrecognized token '生活的冲突': was expecting (JSON String, Number, Array, Object or token 'null', 'true' or 'false')
 at [Source: REDACTED (`StreamReadFeature.INCLUDE_SOURCE_IN_LOCATION` disabled); line: 1, column: 6]`
2024-12-01 18:22:18,025 TRACE (JacksonJsonFieldBodyFilter.java:69)- Unable to filter body for fields [], compacting result. `Unrecognized token '生活的冲突': was expecting (JSON String, Number, Array, Object or token 'null', 'true' or 'false')
 at [Source: REDACTED (`StreamReadFeature.INCLUDE_SOURCE_IN_LOCATION` disabled); line: 1, column: 6]`
2024-12-01 18:22:18,027 TRACE (DefaultHttpLogWriter.java:25)- Incoming Request: 802afd5d4060d0a4
Remote: 0:0:0:0:0:0:0:1
PUT http://localhost:9999/api/front/user/comment/1337759637059973121 HTTP/1.1
accept: */*
accept-encoding: gzip, deflate, br
authorization: XXX
connection: keep-alive
content-length: 269
content-type: application/json
host: localhost:9999
postman-token: 5c5540fb-516e-41e9-a4be-3e2b56970c44
user-agent: PostmanRuntime/7.43.0

生活的冲突，也探讨了人性的复杂性和道德的相对性。通过斯特里克兰德的故事，毛姆向我们传达了一个深刻的信息：追求梦想和实现自我价值是人生中最重要的事情，即使这意味着要付出巨大的代价。
2024-12-01 18:22:18,031 INFO (AuthInterceptor.java:45)- preHandle 方法开始执行
2024-12-01 18:22:18,032 INFO (AuthInterceptor.java:48)- Authorization Header: eyJzeXN0ZW1LZXlIZWFkZXIiOiJmcm9udCIsImFsZyI6IkhTMjU2In0.eyJzdWIiOiIxIn0.bjqJ6Rp6PzZ0Y9Sjk53ITn2y-O6eilxNmcKtb2CKrg0
2024-12-01 18:22:18,032 INFO (AuthInterceptor.java:52)- Authorization header received: eyJzeXN0ZW1LZXlIZWFkZXIiOiJmcm9udCIsImFsZyI6IkhTMjU2In0.eyJzdWIiOiIxIn0.bjqJ6Rp6PzZ0Y9Sjk53ITn2y-O6eilxNmcKtb2CKrg0
2024-12-01 18:22:18,033 INFO (AuthInterceptor.java:64)- 正在获取认证策略: frontAuthStrategy
2024-12-01 18:22:18,034 INFO (FrontAuthStrategy.java:27)- FrontAuthStrategy auth方法被调用
2024-12-01 18:22:18,035 INFO (FrontAuthStrategy.java:30)- Calling authSSO with token: eyJzeXN0ZW1LZXlIZWFkZXIiOiJmcm9udCIsImFsZyI6IkhTMjU2In0.eyJzdWIiOiIxIn0.bjqJ6Rp6PzZ0Y9Sjk53ITn2y-O6eilxNmcKtb2CKrg0
2024-12-01 18:22:18,044 INFO (FrontAuthStrategy.java:36)- authSSO method called successfully.
2024-12-01 18:22:18,059 DEBUG (BaseJdbcLogger.java:135)- ==>  Preparing: UPDATE book_comment SET comment_content=? WHERE (id = ? AND user_id = ?)
2024-12-01 18:22:18,060 DEBUG (BaseJdbcLogger.java:135)- ==> Parameters: 生活的冲突，也探讨了人性的复杂性和道德的相对性。通过斯特里克兰德的故事，毛姆向我们传达了一个深刻的信息：追求梦想和实现自我价值是人生中最重要的事情，即使这意味着要付出巨大的代价。
(String), 1337759637059973121(Long), 1(Long)
2024-12-01 18:22:18,065 DEBUG (BaseJdbcLogger.java:135)- <==    Updates: 0
2024-12-01 18:22:18,068 TRACE (DefaultHttpLogWriter.java:30)- Outgoing Response: 802afd5d4060d0a4
Duration: 52 ms
HTTP/1.1 200 OK
Connection: keep-alive
Content-Type: application/json
Date: Sun, 01 Dec 2024 10:22:18 GMT
Keep-Alive: timeout=60
Transfer-Encoding: chunked
Vary: Origin, Access-Control-Request-Method, Access-Control-Request-Headers

{"code":"00000","message":"一切 ok","data":null,"ok":true}
2024-12-01 18:23:07,422 INFO (HikariDataSource.java:349)- HikariPool-1 - Shutdown initiated...
2024-12-01 18:23:07,428 INFO (HikariDataSource.java:351)- HikariPool-1 - Shutdown completed.
2024-12-01 18:23:10,391 INFO (Version.java:21)- HV000001: Hibernate Validator 8.0.1.Final
2024-12-01 18:23:10,410 INFO (StartupInfoLogger.java:50)- Starting NovelApplication using Java 21.0.1 with PID 19040 (D:\idea_java_projects\novel\target\classes started by 27189 in D:\idea_java_projects\novel)
2024-12-01 18:23:10,411 DEBUG (StartupInfoLogger.java:51)- Running with Spring Boot v3.3.0, Spring v6.1.8
2024-12-01 18:23:10,411 INFO (SpringApplication.java:660)- The following 1 profile is active: "dev"
2024-12-01 18:23:11,090 INFO (RepositoryConfigurationDelegate.java:295)- Multiple Spring Data modules found, entering strict repository configuration mode
2024-12-01 18:23:11,092 INFO (RepositoryConfigurationDelegate.java:143)- Bootstrapping Spring Data Redis repositories in DEFAULT mode.
2024-12-01 18:23:11,117 INFO (RepositoryConfigurationDelegate.java:211)- Finished Spring Data repository scanning in 16 ms. Found 0 Redis repository interfaces.
2024-12-01 18:23:11,738 INFO (TomcatWebServer.java:111)- Tomcat initialized with port 9999 (http)
2024-12-01 18:23:11,744 INFO (DirectJDKLog.java:173)- Initializing ProtocolHandler ["http-nio-9999"]
2024-12-01 18:23:11,745 INFO (DirectJDKLog.java:173)- Starting service [Tomcat]
2024-12-01 18:23:11,745 INFO (DirectJDKLog.java:173)- Starting Servlet engine: [Apache Tomcat/10.1.24]
2024-12-01 18:23:11,786 INFO (DirectJDKLog.java:173)- Initializing Spring embedded WebApplicationContext
2024-12-01 18:23:11,787 INFO (ServletWebServerApplicationContext.java:296)- Root WebApplicationContext: initialization completed in 1349 ms
2024-12-01 18:23:12,410 INFO (HikariDataSource.java:109)- HikariPool-1 - Starting...
2024-12-01 18:23:12,511 INFO (HikariPool.java:554)- HikariPool-1 - Added connection com.mysql.cj.jdbc.ConnectionImpl@12dc702b
2024-12-01 18:23:12,513 INFO (HikariDataSource.java:122)- HikariPool-1 - Start completed.
2024-12-01 18:23:12,563 INFO (Slf4jLog.java:37)- Database: jdbc:mysql://localhost:3306/novel (MySQL 8.0)
2024-12-01 18:23:12,591 INFO (Slf4jLog.java:37)- Successfully validated 1 migration (execution time 00:00.012s)
2024-12-01 18:23:12,602 INFO (Slf4jLog.java:37)- Current version of schema `novel`: 1
2024-12-01 18:23:12,604 INFO (Slf4jLog.java:37)- Schema `novel` is up to date. No migration necessary.
2024-12-01 18:23:12,740 INFO (Version.java:41)- Redisson 3.19.1
2024-12-01 18:23:12,918 INFO (ConnectionPool.java:162)- 1 connections initialized for 127.0.0.1/127.0.0.1:6379
2024-12-01 18:23:12,952 INFO (ConnectionPool.java:162)- 24 connections initialized for 127.0.0.1/127.0.0.1:6379
2024-12-01 18:23:13,690 INFO (EndpointLinksResolver.java:60)- Exposing 16 endpoints beneath base path '/actuator'
2024-12-01 18:23:13,739 INFO (DirectJDKLog.java:173)- Starting ProtocolHandler ["http-nio-9999"]
2024-12-01 18:23:13,743 INFO (TomcatWebServer.java:243)- Tomcat started on port 9999 (http) with context path '/'
2024-12-01 18:23:13,752 INFO (StartupInfoLogger.java:56)- Started NovelApplication in 3.65 seconds (process running for 4.06)
2024-12-01 18:23:13,756 INFO (NovelApplication.java:30)- 加载了如下缓存管理器：
2024-12-01 18:23:13,756 INFO (NovelApplication.java:32)- caffeineCacheManager:org.springframework.cache.support.SimpleCacheManager
2024-12-01 18:23:13,756 INFO (NovelApplication.java:33)- 缓存：[homeBookCache, latestNewsCache, bookNewestRankCache, bookUpdateRankCache, bookCategoryListCache, bookInfoCache, bookChapterCache, lastUpdateBookIdListCache]
2024-12-01 18:23:13,756 INFO (NovelApplication.java:32)- redisCacheManager:org.springframework.data.redis.cache.RedisCacheManager
2024-12-01 18:23:13,756 INFO (NovelApplication.java:33)- 缓存：[bookVisitRankCache, homeFriendLinkCache, bookContentCache, userInfoCache, authorInfoCache]
2024-12-01 18:23:13,831 INFO (DirectJDKLog.java:173)- Initializing Spring DispatcherServlet 'dispatcherServlet'
2024-12-01 18:23:13,831 INFO (FrameworkServlet.java:532)- Initializing Servlet 'dispatcherServlet'
2024-12-01 18:23:13,832 INFO (FrameworkServlet.java:554)- Completed initialization in 1 ms
2024-12-01 18:23:17,057 TRACE (CompactingJsonBodyFilter.java:37)- Unable to compact body, is it a JSON?. Keep it as-is: `Unrecognized token '生活的冲突': was expecting (JSON String, Number, Array, Object or token 'null', 'true' or 'false')
 at [Source: REDACTED (`StreamReadFeature.INCLUDE_SOURCE_IN_LOCATION` disabled); line: 1, column: 6]`
2024-12-01 18:23:17,058 TRACE (JacksonJsonFieldBodyFilter.java:69)- Unable to filter body for fields [], compacting result. `Unrecognized token '生活的冲突': was expecting (JSON String, Number, Array, Object or token 'null', 'true' or 'false')
 at [Source: REDACTED (`StreamReadFeature.INCLUDE_SOURCE_IN_LOCATION` disabled); line: 1, column: 6]`
2024-12-01 18:23:17,059 TRACE (DefaultHttpLogWriter.java:25)- Incoming Request: d65abffd0d36cd25
Remote: 0:0:0:0:0:0:0:1
PUT http://localhost:9999/api/front/user/comment/1337759637059973121 HTTP/1.1
accept: */*
accept-encoding: gzip, deflate, br
authorization: XXX
connection: keep-alive
content-length: 269
content-type: application/json
host: localhost:9999
postman-token: 7f87ce46-cf1d-4a54-94dc-0931a31d7df9
user-agent: PostmanRuntime/7.43.0

生活的冲突，也探讨了人性的复杂性和道德的相对性。通过斯特里克兰德的故事，毛姆向我们传达了一个深刻的信息：追求梦想和实现自我价值是人生中最重要的事情，即使这意味着要付出巨大的代价。
2024-12-01 18:23:17,067 INFO (AuthInterceptor.java:45)- preHandle 方法开始执行
2024-12-01 18:23:17,067 INFO (AuthInterceptor.java:48)- Authorization Header: eyJzeXN0ZW1LZXlIZWFkZXIiOiJmcm9udCIsImFsZyI6IkhTMjU2In0.eyJzdWIiOiIxIn0.bjqJ6Rp6PzZ0Y9Sjk53ITn2y-O6eilxNmcKtb2CKrg0
2024-12-01 18:23:17,067 INFO (AuthInterceptor.java:52)- Authorization header received: eyJzeXN0ZW1LZXlIZWFkZXIiOiJmcm9udCIsImFsZyI6IkhTMjU2In0.eyJzdWIiOiIxIn0.bjqJ6Rp6PzZ0Y9Sjk53ITn2y-O6eilxNmcKtb2CKrg0
2024-12-01 18:23:17,067 INFO (AuthInterceptor.java:64)- 正在获取认证策略: frontAuthStrategy
2024-12-01 18:23:17,067 INFO (FrontAuthStrategy.java:27)- FrontAuthStrategy auth方法被调用
2024-12-01 18:23:17,067 INFO (FrontAuthStrategy.java:30)- Calling authSSO with token: eyJzeXN0ZW1LZXlIZWFkZXIiOiJmcm9udCIsImFsZyI6IkhTMjU2In0.eyJzdWIiOiIxIn0.bjqJ6Rp6PzZ0Y9Sjk53ITn2y-O6eilxNmcKtb2CKrg0
2024-12-01 18:23:17,102 INFO (FrontAuthStrategy.java:36)- authSSO method called successfully.
2024-12-01 18:23:17,156 DEBUG (BaseJdbcLogger.java:135)- ==>  Preparing: UPDATE book_comment SET comment_content=? WHERE (id = ? AND user_id = ?)
2024-12-01 18:23:17,167 DEBUG (BaseJdbcLogger.java:135)- ==> Parameters: 生活的冲突，也探讨了人性的复杂性和道德的相对性。通过斯特里克兰德的故事，毛姆向我们传达了一个深刻的信息：追求梦想和实现自我价值是人生中最重要的事情，即使这意味着要付出巨大的代价。
(String), 1337759637059973121(Long), 1(Long)
2024-12-01 18:23:17,169 DEBUG (BaseJdbcLogger.java:135)- <==    Updates: 0
2024-12-01 18:23:17,182 TRACE (DefaultHttpLogWriter.java:30)- Outgoing Response: d65abffd0d36cd25
Duration: 127 ms
HTTP/1.1 200 OK
Connection: keep-alive
Content-Type: application/json
Date: Sun, 01 Dec 2024 10:23:17 GMT
Keep-Alive: timeout=60
Transfer-Encoding: chunked
Vary: Origin, Access-Control-Request-Method, Access-Control-Request-Headers

{"code":"00000","message":"一切 ok","data":null,"ok":true}
2024-12-01 18:24:13,254 TRACE (CompactingJsonBodyFilter.java:37)- Unable to compact body, is it a JSON?. Keep it as-is: `Unrecognized token '通过斯特里克兰德的故事': was expecting (JSON String, Number, Array, Object or token 'null', 'true' or 'false')
 at [Source: REDACTED (`StreamReadFeature.INCLUDE_SOURCE_IN_LOCATION` disabled); line: 1, column: 12]`
2024-12-01 18:24:13,254 TRACE (JacksonJsonFieldBodyFilter.java:69)- Unable to filter body for fields [], compacting result. `Unrecognized token '通过斯特里克兰德的故事': was expecting (JSON String, Number, Array, Object or token 'null', 'true' or 'false')
 at [Source: REDACTED (`StreamReadFeature.INCLUDE_SOURCE_IN_LOCATION` disabled); line: 1, column: 12]`
2024-12-01 18:24:13,254 TRACE (DefaultHttpLogWriter.java:25)- Incoming Request: 86806dbfc42f4b05
Remote: 0:0:0:0:0:0:0:1
PUT http://localhost:9999/api/front/user/comment/1337759637059973121 HTTP/1.1
accept: */*
accept-encoding: gzip, deflate, br
authorization: XXX
connection: keep-alive
content-length: 197
content-type: application/json
host: localhost:9999
postman-token: 25d196c3-5434-4830-bf3d-66c998d1b57f
user-agent: PostmanRuntime/7.43.0

通过斯特里克兰德的故事，毛姆向我们传达了一个深刻的信息：追求梦想和实现自我价值是人生中最重要的事情，即使这意味着要付出巨大的代价。
2024-12-01 18:24:13,255 INFO (AuthInterceptor.java:45)- preHandle 方法开始执行
2024-12-01 18:24:13,255 INFO (AuthInterceptor.java:48)- Authorization Header: eyJzeXN0ZW1LZXlIZWFkZXIiOiJmcm9udCIsImFsZyI6IkhTMjU2In0.eyJzdWIiOiIxIn0.bjqJ6Rp6PzZ0Y9Sjk53ITn2y-O6eilxNmcKtb2CKrg0
2024-12-01 18:24:13,255 INFO (AuthInterceptor.java:52)- Authorization header received: eyJzeXN0ZW1LZXlIZWFkZXIiOiJmcm9udCIsImFsZyI6IkhTMjU2In0.eyJzdWIiOiIxIn0.bjqJ6Rp6PzZ0Y9Sjk53ITn2y-O6eilxNmcKtb2CKrg0
2024-12-01 18:24:13,256 INFO (AuthInterceptor.java:64)- 正在获取认证策略: frontAuthStrategy
2024-12-01 18:24:13,256 INFO (FrontAuthStrategy.java:27)- FrontAuthStrategy auth方法被调用
2024-12-01 18:24:13,256 INFO (FrontAuthStrategy.java:30)- Calling authSSO with token: eyJzeXN0ZW1LZXlIZWFkZXIiOiJmcm9udCIsImFsZyI6IkhTMjU2In0.eyJzdWIiOiIxIn0.bjqJ6Rp6PzZ0Y9Sjk53ITn2y-O6eilxNmcKtb2CKrg0
2024-12-01 18:24:13,261 INFO (FrontAuthStrategy.java:36)- authSSO method called successfully.
2024-12-01 18:24:13,262 DEBUG (BaseJdbcLogger.java:135)- ==>  Preparing: UPDATE book_comment SET comment_content=? WHERE (id = ? AND user_id = ?)
2024-12-01 18:24:13,264 DEBUG (BaseJdbcLogger.java:135)- ==> Parameters: 通过斯特里克兰德的故事，毛姆向我们传达了一个深刻的信息：追求梦想和实现自我价值是人生中最重要的事情，即使这意味着要付出巨大的代价。
(String), 1337759637059973121(Long), 1(Long)
2024-12-01 18:24:13,265 DEBUG (BaseJdbcLogger.java:135)- <==    Updates: 0
2024-12-01 18:24:13,267 TRACE (DefaultHttpLogWriter.java:30)- Outgoing Response: 86806dbfc42f4b05
Duration: 12 ms
HTTP/1.1 200 OK
Connection: keep-alive
Content-Type: application/json
Date: Sun, 01 Dec 2024 10:24:13 GMT
Keep-Alive: timeout=60
Transfer-Encoding: chunked
Vary: Origin, Access-Control-Request-Method, Access-Control-Request-Headers

{"code":"00000","message":"一切 ok","data":null,"ok":true}
2024-12-01 18:25:34,298 INFO (HikariDataSource.java:349)- HikariPool-1 - Shutdown initiated...
2024-12-01 18:25:34,305 INFO (HikariDataSource.java:351)- HikariPool-1 - Shutdown completed.
2024-12-01 18:25:37,703 INFO (Version.java:21)- HV000001: Hibernate Validator 8.0.1.Final
2024-12-01 18:25:37,723 INFO (StartupInfoLogger.java:50)- Starting NovelApplication using Java 21.0.1 with PID 15220 (D:\idea_java_projects\novel\target\classes started by 27189 in D:\idea_java_projects\novel)
2024-12-01 18:25:37,723 DEBUG (StartupInfoLogger.java:51)- Running with Spring Boot v3.3.0, Spring v6.1.8
2024-12-01 18:25:37,724 INFO (SpringApplication.java:660)- The following 1 profile is active: "dev"
2024-12-01 18:25:38,328 INFO (RepositoryConfigurationDelegate.java:295)- Multiple Spring Data modules found, entering strict repository configuration mode
2024-12-01 18:25:38,330 INFO (RepositoryConfigurationDelegate.java:143)- Bootstrapping Spring Data Redis repositories in DEFAULT mode.
2024-12-01 18:25:38,351 INFO (RepositoryConfigurationDelegate.java:211)- Finished Spring Data repository scanning in 12 ms. Found 0 Redis repository interfaces.
2024-12-01 18:25:38,972 INFO (TomcatWebServer.java:111)- Tomcat initialized with port 9999 (http)
2024-12-01 18:25:38,979 INFO (DirectJDKLog.java:173)- Initializing ProtocolHandler ["http-nio-9999"]
2024-12-01 18:25:38,979 INFO (DirectJDKLog.java:173)- Starting service [Tomcat]
2024-12-01 18:25:38,980 INFO (DirectJDKLog.java:173)- Starting Servlet engine: [Apache Tomcat/10.1.24]
2024-12-01 18:25:39,020 INFO (DirectJDKLog.java:173)- Initializing Spring embedded WebApplicationContext
2024-12-01 18:25:39,021 INFO (ServletWebServerApplicationContext.java:296)- Root WebApplicationContext: initialization completed in 1272 ms
2024-12-01 18:25:39,637 INFO (HikariDataSource.java:109)- HikariPool-1 - Starting...
2024-12-01 18:25:39,727 INFO (HikariPool.java:554)- HikariPool-1 - Added connection com.mysql.cj.jdbc.ConnectionImpl@7d15c513
2024-12-01 18:25:39,729 INFO (HikariDataSource.java:122)- HikariPool-1 - Start completed.
2024-12-01 18:25:39,752 INFO (Slf4jLog.java:37)- Database: jdbc:mysql://localhost:3306/novel (MySQL 8.0)
2024-12-01 18:25:39,778 INFO (Slf4jLog.java:37)- Successfully validated 1 migration (execution time 00:00.013s)
2024-12-01 18:25:39,788 INFO (Slf4jLog.java:37)- Current version of schema `novel`: 1
2024-12-01 18:25:39,790 INFO (Slf4jLog.java:37)- Schema `novel` is up to date. No migration necessary.
2024-12-01 18:25:39,938 INFO (Version.java:41)- Redisson 3.19.1
2024-12-01 18:25:40,110 INFO (ConnectionPool.java:162)- 1 connections initialized for 127.0.0.1/127.0.0.1:6379
2024-12-01 18:25:40,151 INFO (ConnectionPool.java:162)- 24 connections initialized for 127.0.0.1/127.0.0.1:6379
2024-12-01 18:25:40,894 INFO (EndpointLinksResolver.java:60)- Exposing 16 endpoints beneath base path '/actuator'
2024-12-01 18:25:40,944 INFO (DirectJDKLog.java:173)- Starting ProtocolHandler ["http-nio-9999"]
2024-12-01 18:25:40,948 INFO (TomcatWebServer.java:243)- Tomcat started on port 9999 (http) with context path '/'
2024-12-01 18:25:40,957 INFO (StartupInfoLogger.java:56)- Started NovelApplication in 3.566 seconds (process running for 3.97)
2024-12-01 18:25:40,962 INFO (NovelApplication.java:30)- 加载了如下缓存管理器：
2024-12-01 18:25:40,962 INFO (NovelApplication.java:32)- caffeineCacheManager:org.springframework.cache.support.SimpleCacheManager
2024-12-01 18:25:40,962 INFO (NovelApplication.java:33)- 缓存：[homeBookCache, latestNewsCache, bookNewestRankCache, bookUpdateRankCache, bookCategoryListCache, bookInfoCache, bookChapterCache, lastUpdateBookIdListCache]
2024-12-01 18:25:40,962 INFO (NovelApplication.java:32)- redisCacheManager:org.springframework.data.redis.cache.RedisCacheManager
2024-12-01 18:25:40,962 INFO (NovelApplication.java:33)- 缓存：[bookVisitRankCache, homeFriendLinkCache, bookContentCache, userInfoCache, authorInfoCache]
2024-12-01 18:25:41,135 INFO (DirectJDKLog.java:173)- Initializing Spring DispatcherServlet 'dispatcherServlet'
2024-12-01 18:25:41,136 INFO (FrameworkServlet.java:532)- Initializing Servlet 'dispatcherServlet'
2024-12-01 18:25:41,137 INFO (FrameworkServlet.java:554)- Completed initialization in 1 ms
2024-12-01 18:25:53,787 TRACE (CompactingJsonBodyFilter.java:37)- Unable to compact body, is it a JSON?. Keep it as-is: `Unrecognized token '通过斯特里克兰德的故事': was expecting (JSON String, Number, Array, Object or token 'null', 'true' or 'false')
 at [Source: REDACTED (`StreamReadFeature.INCLUDE_SOURCE_IN_LOCATION` disabled); line: 1, column: 12]`
2024-12-01 18:25:53,788 TRACE (JacksonJsonFieldBodyFilter.java:69)- Unable to filter body for fields [], compacting result. `Unrecognized token '通过斯特里克兰德的故事': was expecting (JSON String, Number, Array, Object or token 'null', 'true' or 'false')
 at [Source: REDACTED (`StreamReadFeature.INCLUDE_SOURCE_IN_LOCATION` disabled); line: 1, column: 12]`
2024-12-01 18:25:53,791 TRACE (DefaultHttpLogWriter.java:25)- Incoming Request: e868941b170da660
Remote: 0:0:0:0:0:0:0:1
PUT http://localhost:9999/api/front/user/comment/5 HTTP/1.1
accept: */*
accept-encoding: gzip, deflate, br
authorization: XXX
connection: keep-alive
content-length: 197
content-type: application/json
host: localhost:9999
postman-token: 8ab205d1-ce9f-4439-bcfe-9387c1ba48ef
user-agent: PostmanRuntime/7.43.0

通过斯特里克兰德的故事，毛姆向我们传达了一个深刻的信息：追求梦想和实现自我价值是人生中最重要的事情，即使这意味着要付出巨大的代价。
2024-12-01 18:25:53,803 INFO (AuthInterceptor.java:45)- preHandle 方法开始执行
2024-12-01 18:25:53,803 INFO (AuthInterceptor.java:48)- Authorization Header: eyJzeXN0ZW1LZXlIZWFkZXIiOiJmcm9udCIsImFsZyI6IkhTMjU2In0.eyJzdWIiOiIxIn0.bjqJ6Rp6PzZ0Y9Sjk53ITn2y-O6eilxNmcKtb2CKrg0
2024-12-01 18:25:53,804 INFO (AuthInterceptor.java:52)- Authorization header received: eyJzeXN0ZW1LZXlIZWFkZXIiOiJmcm9udCIsImFsZyI6IkhTMjU2In0.eyJzdWIiOiIxIn0.bjqJ6Rp6PzZ0Y9Sjk53ITn2y-O6eilxNmcKtb2CKrg0
2024-12-01 18:25:53,804 INFO (AuthInterceptor.java:64)- 正在获取认证策略: frontAuthStrategy
2024-12-01 18:25:53,806 INFO (FrontAuthStrategy.java:27)- FrontAuthStrategy auth方法被调用
2024-12-01 18:25:53,806 INFO (FrontAuthStrategy.java:30)- Calling authSSO with token: eyJzeXN0ZW1LZXlIZWFkZXIiOiJmcm9udCIsImFsZyI6IkhTMjU2In0.eyJzdWIiOiIxIn0.bjqJ6Rp6PzZ0Y9Sjk53ITn2y-O6eilxNmcKtb2CKrg0
2024-12-01 18:25:53,871 INFO (FrontAuthStrategy.java:36)- authSSO method called successfully.
2024-12-01 18:25:53,977 DEBUG (BaseJdbcLogger.java:135)- ==>  Preparing: UPDATE book_comment SET comment_content=? WHERE (id = ? AND user_id = ?)
2024-12-01 18:25:54,000 DEBUG (BaseJdbcLogger.java:135)- ==> Parameters: 通过斯特里克兰德的故事，毛姆向我们传达了一个深刻的信息：追求梦想和实现自我价值是人生中最重要的事情，即使这意味着要付出巨大的代价。
(String), 5(Long), 1(Long)
2024-12-01 18:25:54,020 DEBUG (BaseJdbcLogger.java:135)- <==    Updates: 1
2024-12-01 18:25:54,047 TRACE (DefaultHttpLogWriter.java:30)- Outgoing Response: e868941b170da660
Duration: 264 ms
HTTP/1.1 200 OK
Connection: keep-alive
Content-Type: application/json
Date: Sun, 01 Dec 2024 10:25:54 GMT
Keep-Alive: timeout=60
Transfer-Encoding: chunked
Vary: Origin, Access-Control-Request-Method, Access-Control-Request-Headers

{"code":"00000","message":"一切 ok","data":null,"ok":true}
2024-12-01 18:26:15,690 TRACE (DefaultHttpLogWriter.java:25)- Incoming Request: 96bfe4238be7308a
Remote: 0:0:0:0:0:0:0:1
POST http://localhost:9999/api/front/user/login HTTP/1.1
accept: */*
accept-encoding: gzip, deflate, br
connection: keep-alive
content-length: 60
content-type: application/json
host: localhost:9999
postman-token: ef3a5170-f6a3-4bc9-9e0e-c6a46b8dcdb8
token: eyJzeXN0ZW1LZXlIZWFkZXIiOiJmcm9udCIsImFsZyI6IkhTMjU2In0.eyJzdWIiOiI1In0.jiy3AL-EIkyyqIrKllJAYYk69tJlcoJ6z-_wxRTKMN0
user-agent: PostmanRuntime/7.43.0

{"username":"13186090685","password":"123456"}
2024-12-01 18:26:15,762 DEBUG (BaseJdbcLogger.java:135)- ==>  Preparing: SELECT id,username,password,salt,nick_name,user_photo,user_sex,status,create_time,update_time FROM user_info WHERE (username = ?)
2024-12-01 18:26:15,762 DEBUG (BaseJdbcLogger.java:135)- ==> Parameters: 13186090685(String)
2024-12-01 18:26:15,781 DEBUG (BaseJdbcLogger.java:135)- <==      Total: 1
2024-12-01 18:26:15,795 TRACE (DefaultHttpLogWriter.java:30)- Outgoing Response: 96bfe4238be7308a
Duration: 104 ms
HTTP/1.1 200 OK
Connection: keep-alive
Content-Type: application/json
Date: Sun, 01 Dec 2024 10:26:15 GMT
Keep-Alive: timeout=60
Transfer-Encoding: chunked
Vary: Origin, Access-Control-Request-Method, Access-Control-Request-Headers

{"code":"00000","message":"一切 ok","data":{"uid":"2","nickName":"13186090685","token":"eyJzeXN0ZW1LZXlIZWFkZXIiOiJmcm9udCIsImFsZyI6IkhTMjU2In0.eyJzdWIiOiIyIn0.0HPOZxUGuP84E9VHGF3Fb0rxz2ZTuFAhTuH0bJWxLp4"},"ok":true}
2024-12-01 18:26:44,192 TRACE (DefaultHttpLogWriter.java:25)- Incoming Request: 91685bc01ca62eb6
Remote: 0:0:0:0:0:0:0:1
POST http://localhost:9999/api/front/user/comment HTTP/1.1
accept: */*
accept-encoding: gzip, deflate, br
authorization: XXX
connection: keep-alive
content-length: 531
content-type: application/json
host: localhost:9999
postman-token: 14f29656-f985-4bb9-984d-0bbe8dee6544
user-agent: PostmanRuntime/7.43.0

{"userId":13186090685,"bookId":1337872061003993088,"commentContent":"其实这个世界排名第一，对于你刚刚拿到来说，可能你是非常开心激动的，但是当你得到了以后其实并没有多么的重要，更重要的还是比赛的成绩来说吧，当然你能取得世界排名第一可能是因为你的成绩和积分，拿到了很多的冠军才能拿到第一，所以说这也是两面性的东西，但是并没有说一个世界排名第一自己有多去看重多么在意"}
2024-12-01 18:26:44,195 INFO (AuthInterceptor.java:45)- preHandle 方法开始执行
2024-12-01 18:26:44,196 INFO (AuthInterceptor.java:48)- Authorization Header: eyJzeXN0ZW1LZXlIZWFkZXIiOiJmcm9udCIsImFsZyI6IkhTMjU2In0.eyJzdWIiOiIyIn0.0HPOZxUGuP84E9VHGF3Fb0rxz2ZTuFAhTuH0bJWxLp4
2024-12-01 18:26:44,196 INFO (AuthInterceptor.java:52)- Authorization header received: eyJzeXN0ZW1LZXlIZWFkZXIiOiJmcm9udCIsImFsZyI6IkhTMjU2In0.eyJzdWIiOiIyIn0.0HPOZxUGuP84E9VHGF3Fb0rxz2ZTuFAhTuH0bJWxLp4
2024-12-01 18:26:44,196 INFO (AuthInterceptor.java:64)- 正在获取认证策略: frontAuthStrategy
2024-12-01 18:26:44,196 INFO (FrontAuthStrategy.java:27)- FrontAuthStrategy auth方法被调用
2024-12-01 18:26:44,196 INFO (FrontAuthStrategy.java:30)- Calling authSSO with token: eyJzeXN0ZW1LZXlIZWFkZXIiOiJmcm9udCIsImFsZyI6IkhTMjU2In0.eyJzdWIiOiIyIn0.0HPOZxUGuP84E9VHGF3Fb0rxz2ZTuFAhTuH0bJWxLp4
2024-12-01 18:26:44,203 INFO (FrontAuthStrategy.java:36)- authSSO method called successfully.
2024-12-01 18:26:44,221 INFO (UserController.java:53)- UserId from UserHolder: 2
2024-12-01 18:26:44,224 DEBUG (BaseJdbcLogger.java:135)- ==>  Preparing: SELECT COUNT( * ) AS total FROM book_comment WHERE (user_id = ? AND book_id = ?)
2024-12-01 18:26:44,225 DEBUG (BaseJdbcLogger.java:135)- ==> Parameters: 2(Long), 1337872061003993088(Long)
2024-12-01 18:26:44,227 DEBUG (BaseJdbcLogger.java:135)- <==      Total: 1
2024-12-01 18:26:44,227 INFO (BookServiceImpl.java:53)- Saving comment for userId: 2 and bookId: 1337872061003993088
2024-12-01 18:26:44,231 DEBUG (BaseJdbcLogger.java:135)- ==>  Preparing: INSERT INTO book_comment ( book_id, user_id, comment_content, create_time, update_time ) VALUES ( ?, ?, ?, ?, ? )
2024-12-01 18:26:44,234 DEBUG (BaseJdbcLogger.java:135)- ==> Parameters: 1337872061003993088(Long), 2(Long), 其实这个世界排名第一，对于你刚刚拿到来说，可能你是非常开心激动的，但是当你得到了以后其实并没有多么的重要，更重要的还是比赛的成绩来说吧，当然你能取得世界排名第一可能是因为你的成绩和积分，拿到了很多的冠军才能拿到第一，所以说这也是两面性的东西，但是并没有说一个世界排名第一自己有多去看重多么在意(String), 2024-12-01T18:26:44.227606(LocalDateTime), 2024-12-01T18:26:44.227606(LocalDateTime)
2024-12-01 18:26:44,246 DEBUG (BaseJdbcLogger.java:135)- <==    Updates: 1
2024-12-01 18:26:44,250 DEBUG (BaseJdbcLogger.java:135)- ==>  Preparing: update book_info set comment_count = comment_count + 1 where id = ?
2024-12-01 18:26:44,251 DEBUG (BaseJdbcLogger.java:135)- ==> Parameters: 1337872061003993088(Long)
2024-12-01 18:26:44,256 DEBUG (BaseJdbcLogger.java:135)- <==    Updates: 1
2024-12-01 18:26:44,259 TRACE (DefaultHttpLogWriter.java:30)- Outgoing Response: 91685bc01ca62eb6
Duration: 68 ms
HTTP/1.1 200 OK
Connection: keep-alive
Content-Type: application/json
Date: Sun, 01 Dec 2024 10:26:44 GMT
Keep-Alive: timeout=60
Transfer-Encoding: chunked
Vary: Origin, Access-Control-Request-Method, Access-Control-Request-Headers

{"code":"00000","message":"一切 ok","data":null,"ok":true}
2024-12-01 18:27:16,842 TRACE (DefaultHttpLogWriter.java:25)- Incoming Request: aee5521d8fc95297
Remote: 0:0:0:0:0:0:0:1
GET http://localhost:9999/api/front/book/1337872061003993088 HTTP/1.1
accept: */*
accept-encoding: gzip, deflate, br
authorization: XXX
connection: keep-alive
host: localhost:9999
postman-token: df680993-dabe-4416-84e5-3282ebb1f6f4
user-agent: PostmanRuntime/7.43.0
2024-12-01 18:27:16,847 INFO (AuthInterceptor.java:45)- preHandle 方法开始执行
2024-12-01 18:27:16,848 INFO (AuthInterceptor.java:48)- Authorization Header: eyJzeXN0ZW1LZXlIZWFkZXIiOiJmcm9udCIsImFsZyI6IkhTMjU2In0.eyJzdWIiOiIxIn0.bjqJ6Rp6PzZ0Y9Sjk53ITn2y-O6eilxNmcKtb2CKrg0
2024-12-01 18:27:16,849 INFO (AuthInterceptor.java:52)- Authorization header received: eyJzeXN0ZW1LZXlIZWFkZXIiOiJmcm9udCIsImFsZyI6IkhTMjU2In0.eyJzdWIiOiIxIn0.bjqJ6Rp6PzZ0Y9Sjk53ITn2y-O6eilxNmcKtb2CKrg0
2024-12-01 18:27:16,850 INFO (AuthInterceptor.java:64)- 正在获取认证策略: frontAuthStrategy
2024-12-01 18:27:16,850 INFO (FrontAuthStrategy.java:27)- FrontAuthStrategy auth方法被调用
2024-12-01 18:27:16,850 INFO (FrontAuthStrategy.java:30)- Calling authSSO with token: eyJzeXN0ZW1LZXlIZWFkZXIiOiJmcm9udCIsImFsZyI6IkhTMjU2In0.eyJzdWIiOiIxIn0.bjqJ6Rp6PzZ0Y9Sjk53ITn2y-O6eilxNmcKtb2CKrg0
2024-12-01 18:27:16,858 INFO (FrontAuthStrategy.java:36)- authSSO method called successfully.
2024-12-01 18:27:16,863 DEBUG (BaseJdbcLogger.java:135)- ==>  Preparing: SELECT id,work_direction,category_id,category_name,pic_url,book_name,author_id,author_name,book_desc,score,book_status,visit_count,word_count,comment_count,last_chapter_id,last_chapter_name,last_chapter_update_time,is_vip,create_time,update_time FROM book_info WHERE id=?
2024-12-01 18:27:16,864 DEBUG (BaseJdbcLogger.java:135)- ==> Parameters: 1337872061003993088(Long)
2024-12-01 18:27:16,871 DEBUG (BaseJdbcLogger.java:135)- <==      Total: 1
2024-12-01 18:27:16,878 DEBUG (BaseJdbcLogger.java:135)- ==>  Preparing: SELECT id,book_id,chapter_num,chapter_name,word_count,is_vip,create_time,update_time FROM book_chapter WHERE (book_id = ?) ORDER BY chapter_num ASC limit 1
2024-12-01 18:27:16,880 DEBUG (BaseJdbcLogger.java:135)- ==> Parameters: 1337872061003993088(Long)
2024-12-01 18:27:16,882 DEBUG (BaseJdbcLogger.java:135)- <==      Total: 1
2024-12-01 18:27:16,895 TRACE (DefaultHttpLogWriter.java:30)- Outgoing Response: aee5521d8fc95297
Duration: 52 ms
HTTP/1.1 200 OK
Connection: keep-alive
Content-Type: application/json
Date: Sun, 01 Dec 2024 10:27:16 GMT
Keep-Alive: timeout=60
Transfer-Encoding: chunked
Vary: Origin, Access-Control-Request-Method, Access-Control-Request-Headers

{"code":"00000","message":"一切 ok","data":{"bookId":"1337872061003993088","categoryId":"4","categoryName":"历史军事","picUrl":"/images/default.gif","bookName":"酒楼","authorId":"0","authorName":"许春樵","bookDesc":"　　天德酒楼传到了齐家三兄弟一代，却被老大一人独占。老三齐立言不愿接受兄长的施舍，也不堪老大的精神虐待，在造汽车的白日梦幻灭后，从最底层做起，历经穷困潦倒和各种打击，终于创办了自己的酒楼，吞并了老大的酒楼。成功后的齐立言却变了，由诚笃奋发的创业者变成了狡诈贪心的资本野心家……","bookStatus":"0","visitCount":"197","wordCount":"268359","commentCount":"1","firstChapterId":"1337872073817591808","lastChapterId":"1337872219389300736","lastChapterName":"第63章 第二十三章 2","updateTime":null},"ok":true}
2024-12-01 19:17:22,702 INFO (HikariDataSource.java:349)- HikariPool-1 - Shutdown initiated...
2024-12-01 19:17:22,711 INFO (HikariDataSource.java:351)- HikariPool-1 - Shutdown completed.
2024-12-01 19:17:24,911 INFO (Version.java:21)- HV000001: Hibernate Validator 8.0.1.Final
2024-12-01 19:17:24,938 INFO (StartupInfoLogger.java:50)- Starting NovelApplication using Java 21.0.1 with PID 24804 (D:\idea_java_projects\novel\target\classes started by 27189 in D:\idea_java_projects\novel)
2024-12-01 19:17:24,938 DEBUG (StartupInfoLogger.java:51)- Running with Spring Boot v3.3.0, Spring v6.1.8
2024-12-01 19:17:24,939 INFO (SpringApplication.java:660)- The following 1 profile is active: "dev"
2024-12-01 19:17:25,656 INFO (RepositoryConfigurationDelegate.java:295)- Multiple Spring Data modules found, entering strict repository configuration mode
2024-12-01 19:17:25,658 INFO (RepositoryConfigurationDelegate.java:143)- Bootstrapping Spring Data Redis repositories in DEFAULT mode.
2024-12-01 19:17:25,682 INFO (RepositoryConfigurationDelegate.java:211)- Finished Spring Data repository scanning in 15 ms. Found 0 Redis repository interfaces.
2024-12-01 19:17:26,352 INFO (TomcatWebServer.java:111)- Tomcat initialized with port 9999 (http)
2024-12-01 19:17:26,359 INFO (DirectJDKLog.java:173)- Initializing ProtocolHandler ["http-nio-9999"]
2024-12-01 19:17:26,360 INFO (DirectJDKLog.java:173)- Starting service [Tomcat]
2024-12-01 19:17:26,360 INFO (DirectJDKLog.java:173)- Starting Servlet engine: [Apache Tomcat/10.1.24]
2024-12-01 19:17:26,398 INFO (DirectJDKLog.java:173)- Initializing Spring embedded WebApplicationContext
2024-12-01 19:17:26,399 INFO (ServletWebServerApplicationContext.java:296)- Root WebApplicationContext: initialization completed in 1426 ms
2024-12-01 19:17:27,014 INFO (HikariDataSource.java:109)- HikariPool-1 - Starting...
2024-12-01 19:17:27,112 INFO (HikariPool.java:554)- HikariPool-1 - Added connection com.mysql.cj.jdbc.ConnectionImpl@22ee1ad7
2024-12-01 19:17:27,113 INFO (HikariDataSource.java:122)- HikariPool-1 - Start completed.
2024-12-01 19:17:27,138 INFO (Slf4jLog.java:37)- Database: jdbc:mysql://localhost:3306/novel (MySQL 8.0)
2024-12-01 19:17:27,175 INFO (Slf4jLog.java:37)- Successfully validated 1 migration (execution time 00:00.014s)
2024-12-01 19:17:27,185 INFO (Slf4jLog.java:37)- Current version of schema `novel`: 1
2024-12-01 19:17:27,186 INFO (Slf4jLog.java:37)- Schema `novel` is up to date. No migration necessary.
2024-12-01 19:17:27,354 INFO (Version.java:41)- Redisson 3.19.1
2024-12-01 19:17:27,548 INFO (ConnectionPool.java:162)- 1 connections initialized for 127.0.0.1/127.0.0.1:6379
2024-12-01 19:17:27,601 INFO (ConnectionPool.java:162)- 24 connections initialized for 127.0.0.1/127.0.0.1:6379
2024-12-01 19:17:28,380 INFO (EndpointLinksResolver.java:60)- Exposing 16 endpoints beneath base path '/actuator'
2024-12-01 19:17:28,448 INFO (DirectJDKLog.java:173)- Starting ProtocolHandler ["http-nio-9999"]
2024-12-01 19:17:28,453 INFO (TomcatWebServer.java:243)- Tomcat started on port 9999 (http) with context path '/'
2024-12-01 19:17:28,462 INFO (StartupInfoLogger.java:56)- Started NovelApplication in 3.873 seconds (process running for 4.286)
2024-12-01 19:17:28,466 INFO (NovelApplication.java:30)- 加载了如下缓存管理器：
2024-12-01 19:17:28,467 INFO (NovelApplication.java:32)- caffeineCacheManager:org.springframework.cache.support.SimpleCacheManager
2024-12-01 19:17:28,467 INFO (NovelApplication.java:33)- 缓存：[homeBookCache, latestNewsCache, bookNewestRankCache, bookUpdateRankCache, bookCategoryListCache, bookInfoCache, bookChapterCache, lastUpdateBookIdListCache]
2024-12-01 19:17:28,467 INFO (NovelApplication.java:32)- redisCacheManager:org.springframework.data.redis.cache.RedisCacheManager
2024-12-01 19:17:28,467 INFO (NovelApplication.java:33)- 缓存：[bookVisitRankCache, homeFriendLinkCache, bookContentCache, userInfoCache, authorInfoCache]
2024-12-01 19:17:28,813 INFO (DirectJDKLog.java:173)- Initializing Spring DispatcherServlet 'dispatcherServlet'
2024-12-01 19:17:28,813 INFO (FrameworkServlet.java:532)- Initializing Servlet 'dispatcherServlet'
2024-12-01 19:17:28,814 INFO (FrameworkServlet.java:554)- Completed initialization in 1 ms
2024-12-01 19:20:35,138 TRACE (DefaultHttpLogWriter.java:25)- Incoming Request: d35314367df9c8ba
Remote: 0:0:0:0:0:0:0:1
GET http://localhost:9999/api/front/book/content/1334318199571849216 HTTP/1.1
accept: */*
accept-encoding: gzip, deflate, br
authorization: XXX
connection: keep-alive
host: localhost:9999
postman-token: c1ee8059-0c7b-4e72-a39e-94fafd1ed755
user-agent: PostmanRuntime/7.43.0
2024-12-01 19:20:35,159 INFO (AuthInterceptor.java:45)- preHandle 方法开始执行
2024-12-01 19:20:35,160 INFO (AuthInterceptor.java:48)- Authorization Header: eyJzeXN0ZW1LZXlIZWFkZXIiOiJmcm9udCIsImFsZyI6IkhTMjU2In0.eyJzdWIiOiIxIn0.bjqJ6Rp6PzZ0Y9Sjk53ITn2y-O6eilxNmcKtb2CKrg0
2024-12-01 19:20:35,161 INFO (AuthInterceptor.java:52)- Authorization header received: eyJzeXN0ZW1LZXlIZWFkZXIiOiJmcm9udCIsImFsZyI6IkhTMjU2In0.eyJzdWIiOiIxIn0.bjqJ6Rp6PzZ0Y9Sjk53ITn2y-O6eilxNmcKtb2CKrg0
2024-12-01 19:20:35,162 INFO (AuthInterceptor.java:64)- 正在获取认证策略: frontAuthStrategy
2024-12-01 19:20:35,163 INFO (FrontAuthStrategy.java:27)- FrontAuthStrategy auth方法被调用
2024-12-01 19:20:35,163 INFO (FrontAuthStrategy.java:30)- Calling authSSO with token: eyJzeXN0ZW1LZXlIZWFkZXIiOiJmcm9udCIsImFsZyI6IkhTMjU2In0.eyJzdWIiOiIxIn0.bjqJ6Rp6PzZ0Y9Sjk53ITn2y-O6eilxNmcKtb2CKrg0
2024-12-01 19:20:35,247 INFO (FrontAuthStrategy.java:36)- authSSO method called successfully.
2024-12-01 19:20:35,288 DEBUG (BaseJdbcLogger.java:135)- ==>  Preparing: SELECT id,book_id,chapter_num,chapter_name,word_count,is_vip,create_time,update_time FROM book_chapter WHERE id=?
2024-12-01 19:20:35,302 DEBUG (BaseJdbcLogger.java:135)- ==> Parameters: 1334318199571849216(Long)
2024-12-01 19:20:35,321 DEBUG (BaseJdbcLogger.java:135)- <==      Total: 1
2024-12-01 19:20:35,328 ERROR (CommonExceptionHandler.java:35)- Cannot find cache named 'bookContentCache' for Builder[public java.lang.String com.aoyouao.novel.manager.cache.BookContentCacheManager.getBookContent(java.lang.Long)] caches=[bookContentCache] | key='' | keyGenerator='' | cacheManager='caffeineCacheManager' | cacheResolver='' | condition='' | unless='' | sync='false'
2024-12-01 19:20:35,362 TRACE (DefaultHttpLogWriter.java:30)- Outgoing Response: d35314367df9c8ba
Duration: 229 ms
HTTP/1.1 200 OK
Connection: keep-alive
Content-Type: application/json
Date: Sun, 01 Dec 2024 11:20:35 GMT
Keep-Alive: timeout=60
Transfer-Encoding: chunked
Vary: Origin, Access-Control-Request-Method, Access-Control-Request-Headers

{"code":"B0001","message":"系统执行出错","data":null,"ok":false}
2024-12-01 19:25:35,898 INFO (HikariDataSource.java:349)- HikariPool-1 - Shutdown initiated...
2024-12-01 19:25:35,905 INFO (HikariDataSource.java:351)- HikariPool-1 - Shutdown completed.
2024-12-01 19:25:39,196 INFO (Version.java:21)- HV000001: Hibernate Validator 8.0.1.Final
2024-12-01 19:25:39,219 INFO (StartupInfoLogger.java:50)- Starting NovelApplication using Java 21.0.1 with PID 3360 (D:\idea_java_projects\novel\target\classes started by 27189 in D:\idea_java_projects\novel)
2024-12-01 19:25:39,220 DEBUG (StartupInfoLogger.java:51)- Running with Spring Boot v3.3.0, Spring v6.1.8
2024-12-01 19:25:39,220 INFO (SpringApplication.java:660)- The following 1 profile is active: "dev"
2024-12-01 19:25:39,890 INFO (RepositoryConfigurationDelegate.java:295)- Multiple Spring Data modules found, entering strict repository configuration mode
2024-12-01 19:25:39,892 INFO (RepositoryConfigurationDelegate.java:143)- Bootstrapping Spring Data Redis repositories in DEFAULT mode.
2024-12-01 19:25:39,911 INFO (RepositoryConfigurationDelegate.java:211)- Finished Spring Data repository scanning in 12 ms. Found 0 Redis repository interfaces.
2024-12-01 19:25:40,494 INFO (TomcatWebServer.java:111)- Tomcat initialized with port 9999 (http)
2024-12-01 19:25:40,501 INFO (DirectJDKLog.java:173)- Initializing ProtocolHandler ["http-nio-9999"]
2024-12-01 19:25:40,502 INFO (DirectJDKLog.java:173)- Starting service [Tomcat]
2024-12-01 19:25:40,502 INFO (DirectJDKLog.java:173)- Starting Servlet engine: [Apache Tomcat/10.1.24]
2024-12-01 19:25:40,541 INFO (DirectJDKLog.java:173)- Initializing Spring embedded WebApplicationContext
2024-12-01 19:25:40,541 INFO (ServletWebServerApplicationContext.java:296)- Root WebApplicationContext: initialization completed in 1297 ms
2024-12-01 19:25:41,193 INFO (HikariDataSource.java:109)- HikariPool-1 - Starting...
2024-12-01 19:25:41,284 INFO (HikariPool.java:554)- HikariPool-1 - Added connection com.mysql.cj.jdbc.ConnectionImpl@4f1a5b93
2024-12-01 19:25:41,286 INFO (HikariDataSource.java:122)- HikariPool-1 - Start completed.
2024-12-01 19:25:41,309 INFO (Slf4jLog.java:37)- Database: jdbc:mysql://localhost:3306/novel (MySQL 8.0)
2024-12-01 19:25:41,339 INFO (Slf4jLog.java:37)- Successfully validated 1 migration (execution time 00:00.013s)
2024-12-01 19:25:41,349 INFO (Slf4jLog.java:37)- Current version of schema `novel`: 1
2024-12-01 19:25:41,351 INFO (Slf4jLog.java:37)- Schema `novel` is up to date. No migration necessary.
2024-12-01 19:25:41,509 INFO (Version.java:41)- Redisson 3.19.1
2024-12-01 19:25:41,682 INFO (ConnectionPool.java:162)- 1 connections initialized for 127.0.0.1/127.0.0.1:6379
2024-12-01 19:25:41,718 INFO (ConnectionPool.java:162)- 24 connections initialized for 127.0.0.1/127.0.0.1:6379
2024-12-01 19:25:42,456 INFO (EndpointLinksResolver.java:60)- Exposing 16 endpoints beneath base path '/actuator'
2024-12-01 19:25:42,502 INFO (DirectJDKLog.java:173)- Starting ProtocolHandler ["http-nio-9999"]
2024-12-01 19:25:42,507 INFO (TomcatWebServer.java:243)- Tomcat started on port 9999 (http) with context path '/'
2024-12-01 19:25:42,516 INFO (StartupInfoLogger.java:56)- Started NovelApplication in 3.636 seconds (process running for 4.028)
2024-12-01 19:25:42,520 INFO (NovelApplication.java:30)- 加载了如下缓存管理器：
2024-12-01 19:25:42,520 INFO (NovelApplication.java:32)- caffeineCacheManager:org.springframework.cache.support.SimpleCacheManager
2024-12-01 19:25:42,521 INFO (NovelApplication.java:33)- 缓存：[homeBookCache, latestNewsCache, bookNewestRankCache, bookUpdateRankCache, bookCategoryListCache, bookInfoCache, bookChapterCache, lastUpdateBookIdListCache]
2024-12-01 19:25:42,521 INFO (NovelApplication.java:32)- redisCacheManager:org.springframework.data.redis.cache.RedisCacheManager
2024-12-01 19:25:42,521 INFO (NovelApplication.java:33)- 缓存：[bookVisitRankCache, homeFriendLinkCache, bookContentCache, userInfoCache, authorInfoCache]
2024-12-01 19:25:42,622 INFO (DirectJDKLog.java:173)- Initializing Spring DispatcherServlet 'dispatcherServlet'
2024-12-01 19:25:42,623 INFO (FrameworkServlet.java:532)- Initializing Servlet 'dispatcherServlet'
2024-12-01 19:25:42,624 INFO (FrameworkServlet.java:554)- Completed initialization in 1 ms
2024-12-01 19:25:46,971 TRACE (DefaultHttpLogWriter.java:25)- Incoming Request: ef78ebd9eb54bd3f
Remote: 0:0:0:0:0:0:0:1
GET http://localhost:9999/api/front/book/content/1334318199571849216 HTTP/1.1
accept: */*
accept-encoding: gzip, deflate, br
authorization: XXX
connection: keep-alive
host: localhost:9999
postman-token: f24ac36b-580c-4ff0-bf7a-a207e0171c3c
user-agent: PostmanRuntime/7.43.0
2024-12-01 19:25:46,980 INFO (AuthInterceptor.java:45)- preHandle 方法开始执行
2024-12-01 19:25:46,980 INFO (AuthInterceptor.java:48)- Authorization Header: eyJzeXN0ZW1LZXlIZWFkZXIiOiJmcm9udCIsImFsZyI6IkhTMjU2In0.eyJzdWIiOiIxIn0.bjqJ6Rp6PzZ0Y9Sjk53ITn2y-O6eilxNmcKtb2CKrg0
2024-12-01 19:25:46,980 INFO (AuthInterceptor.java:52)- Authorization header received: eyJzeXN0ZW1LZXlIZWFkZXIiOiJmcm9udCIsImFsZyI6IkhTMjU2In0.eyJzdWIiOiIxIn0.bjqJ6Rp6PzZ0Y9Sjk53ITn2y-O6eilxNmcKtb2CKrg0
2024-12-01 19:25:46,980 INFO (AuthInterceptor.java:64)- 正在获取认证策略: frontAuthStrategy
2024-12-01 19:25:46,981 INFO (FrontAuthStrategy.java:27)- FrontAuthStrategy auth方法被调用
2024-12-01 19:25:46,981 INFO (FrontAuthStrategy.java:30)- Calling authSSO with token: eyJzeXN0ZW1LZXlIZWFkZXIiOiJmcm9udCIsImFsZyI6IkhTMjU2In0.eyJzdWIiOiIxIn0.bjqJ6Rp6PzZ0Y9Sjk53ITn2y-O6eilxNmcKtb2CKrg0
2024-12-01 19:25:47,015 INFO (FrontAuthStrategy.java:36)- authSSO method called successfully.
2024-12-01 19:25:47,037 DEBUG (BaseJdbcLogger.java:135)- ==>  Preparing: SELECT id,book_id,chapter_num,chapter_name,word_count,is_vip,create_time,update_time FROM book_chapter WHERE id=?
2024-12-01 19:25:47,046 DEBUG (BaseJdbcLogger.java:135)- ==> Parameters: 1334318199571849216(Long)
2024-12-01 19:25:47,056 DEBUG (BaseJdbcLogger.java:135)- <==      Total: 1
2024-12-01 19:25:47,085 DEBUG (BaseJdbcLogger.java:135)- ==>  Preparing: SELECT id,chapter_id,content,create_time,update_time FROM book_content WHERE (chapter_id = ?) limit 1
2024-12-01 19:25:47,086 DEBUG (BaseJdbcLogger.java:135)- ==> Parameters: 1334318199571849216(Long)
2024-12-01 19:25:47,089 DEBUG (BaseJdbcLogger.java:135)- <==      Total: 1
2024-12-01 19:25:47,094 DEBUG (BaseJdbcLogger.java:135)- ==>  Preparing: SELECT id,work_direction,category_id,category_name,pic_url,book_name,author_id,author_name,book_desc,score,book_status,visit_count,word_count,comment_count,last_chapter_id,last_chapter_name,last_chapter_update_time,is_vip,create_time,update_time FROM book_info WHERE id=?
2024-12-01 19:25:47,095 DEBUG (BaseJdbcLogger.java:135)- ==> Parameters: 1334318182169681920(Long)
2024-12-01 19:25:47,097 DEBUG (BaseJdbcLogger.java:135)- <==      Total: 1
2024-12-01 19:25:47,100 DEBUG (BaseJdbcLogger.java:135)- ==>  Preparing: SELECT id,book_id,chapter_num,chapter_name,word_count,is_vip,create_time,update_time FROM book_chapter WHERE (book_id = ?) ORDER BY chapter_num ASC limit 1
2024-12-01 19:25:47,100 DEBUG (BaseJdbcLogger.java:135)- ==> Parameters: 1334318182169681920(Long)
2024-12-01 19:25:47,103 DEBUG (BaseJdbcLogger.java:135)- <==      Total: 1
2024-12-01 19:25:47,133 TRACE (DefaultHttpLogWriter.java:30)- Outgoing Response: ef78ebd9eb54bd3f
Duration: 164 ms
HTTP/1.1 200 OK
Connection: keep-alive
Content-Type: application/json
Date: Sun, 01 Dec 2024 11:25:47 GMT
Keep-Alive: timeout=60
Transfer-Encoding: chunked
Vary: Origin, Access-Control-Request-Method, Access-Control-Request-Headers

{"code":"00000","message":"一切 ok","data":{"bookInfoRespDto":{"bookId":"1334318182169681920","categoryId":"4","categoryName":"历史军事","picUrl":"/localPic/2020/12/03/d307192479a34d79adae6a1f7521aefa.jpg","bookName":"我给战神王爷寄刀片","authorId":"0","authorName":"汐娴阳光","bookDesc":"&nbsp;&nbsp;&nbsp;&nbsp;她是冉府的嫡长女确被迫从小离开冉府，他是纪国的战神，更是纪国女子心中的男神。<br/><br/>&nbsp;&nbsp;&nbsp;&nbsp;多年后，她学得一身本事再回冉府为母报仇，成了冉府的一抹黑月光，一场巧遇，这抹黑月光成了战神王爷的心尖宝，看黑月光和战神王爷碰撞的爱情火花是闪瞎你的眼还是甜进你的心？<br/><br/>&nbsp;&nbsp;&nbsp;&nbsp;有喜欢阳光的小可......爱们，可以加阳光的qq群哟：807833254【展开】【收起】","bookStatus":"0","visitCount":"1395","wordCount":"251754","commentCount":"0","firstChapterId":"1334318184854036480","lastChapterId":"1334318251233091584","lastChapterName":"第49章  散去","updateTime":null},"bookChapterRespDto":{"id":"1334318199571849216","bookId":"1334318182169681920","chapterNum":"8","chapterName":"第9章  策反","wordCount":"4890","chapterUpdateTime":"2022-05-15 11:46"},"chapterContent":"&nbsp;&nbsp;&nbsp;&nbsp;纤尘见魏参将如此心虚，心想若自己再往前推上一推，他心里的防线定会崩塌！<br/><br/>&nbsp;&nbsp;&nbsp;&nbsp;想到这里，纤尘就走到那堆碎瓷片前，拿起一片瓷片看了看，自言自语道：“多好的茶盏就这样碎了，多好的家庭也这样碎了怎么办？”<br/><br/>&nbsp;&nbsp;&nbsp;&nbsp;纤尘的话里透着一股不寒而栗的阴冷，听得魏参将禁不住打了个哆嗦。<br/><br/>&nbsp;&nbsp;&nbsp;&nbsp;父母和妻儿的模样突然浮现在魏参将的脑海里，他顿感如芒在背，瞬间身上冷汗涔涔，他知道纪国对叛臣贼子的处罚有多重，他似乎明白了些什么，双腿仿佛失去了力气，扶着椅背，强撑着自己的身体没有瘫软下去，慌忙问道：“你们，你们都知道些什么？”<br/><br/>&nbsp;&nbsp;&nbsp;&nbsp;在来军营的路上，纤尘已经从方海的嘴里了解到魏参将的为人，魏参将与赵参将不同，赵参将好耍喜欢逛花楼，魏参将是个顾家的人，对士兵也算宽厚，他家上有老父老母下有一双可爱的儿女，夫妻二人恩爱有佳。<br/><br/>&nbsp;&nbsp;&nbsp;&nbsp;再说，纤尘也听到过赵参将与魏参将的对话，她知道魏参将本心是不想谋害顾子毅的，他不忍，只是无奈他没跟到一个好的上司。<br/><br/>&nbsp;&nbsp;&nbsp;&nbsp;纤尘理解魏参将，作为一个下属面对上司的命令不想执行却又不得不执行的难处，对于魏参将这样一个良心未泯，孝顺父母又爱戴妻儿的男人，纤尘还是希望能给他一次重新选择的机会。<br/><br/>&nbsp;&nbsp;&nbsp;&nbsp;纤尘一改刚刚的阴冷之色，换上一脸的和颜悦色，“参将大人，我们什么都不知道，你不要太紧张，我们是奉瑞王之命前来犒劳将士们的，瑞王仁慈，念及将士们保家卫国驻守海疆不容易，特赏大家一百头肉牛。”<br/><br/>&nbsp;&nbsp;&nbsp;&nbsp;一百头肉牛，这是个什么概念？<br/><br/>&nbsp;&nbsp;&nbsp;&nbsp;方海刚刚还从纤尘的嘴里了解到，沈家肉铺里的肉牛价值不菲，这丫头一开口，就替王爷承诺，拿出一百头牛肉来犒劳交州的士兵，方海倒吸一口凉气，心里在替他家王爷滴血。<br/><br/>&nbsp;&nbsp;&nbsp;&nbsp;魏参将更是惊掉一地下巴，他不傻，他知道沈家肉牛的价值，更知道牛肉在交州代表着诚意，王爷出手如此阔错，一次拿出一百头沈家肉牛来犒赏士兵，足见王爷的诚意，便问道：“殿下，殿下有什么吩咐？”<br/><br/>&nbsp;&nbsp;&nbsp;&nbsp;方海也不卖关子，顺着纤尘的话说下去：“殿下说，兄弟们若接受了他的牛，过往一概不咎，大家还是纪国的好战士，好臣民，就看魏参将是选择牛还是选择这只茶盏。”<br/><br/>&nbsp;&nbsp;&nbsp;&nbsp;方海拿起一片碎了的瓷片在眼前晃了晃。<br/><br/>&nbsp;&nbsp;&nbsp;&nbsp;魏参将一听，便明白过来方海的来意，方海的话已经很明确，瑞王是要让他做出选择，是选择跟他还是选择跟曹将军。<br/><br/>&nbsp;&nbsp;&nbsp;&nbsp;既然瑞王派方海来找自己，这就说明瑞王已经洞悉到曹将军的反意，魏参将虽然不知道瑞王是如何察觉到曹将军的反意，不过他可以肯定，瑞王既然已经有所察觉，就会有所防范，曹将军这次反水就定不会成功。<br/><br/>&nbsp;&nbsp;&nbsp;&nbsp;他原本就不赞同曹将军的所作所为，现在有机会遇到明主，而且人家还说了既往不咎，他自然会选择弃暗投明。<br/><br/>&nbsp;&nbsp;&nbsp;&nbsp;“交州左参将魏孤青，愿誓死效忠瑞王殿下，请问殿下有什么安排，魏孤青定会全力以赴。”魏参将立即单膝下跪拱手行礼。<br/><br/>&nbsp;&nbsp;&nbsp;&nbsp;纤尘和方海面面相觑，策反成功，他们开始和魏参将部署晚上的行动。<br/><br/>&nbsp;&nbsp;&nbsp;&nbsp;事后，方海回到顾子毅身边，将策反成功和部署之事说给了顾子毅听，阿峰听到纤尘替王爷承诺了一百头肉牛的犒赏，咋舌，“啧啧……那丫头夸下那么大的海口，你咋不拦着点，一百头肉牛这可不是小数目！”<br/><br/>&nbsp;&nbsp;&nbsp;&nbsp;方海一脸无辜，“临走时，殿下交代尊重纤尘姑娘的决定，那丫头事先也没与我商量呀！”方海一摊手表示自己也非常无奈。<br/><br/>&nbsp;&nbsp;&nbsp;&nbsp;阿峰一阵肉痛，那一百头肉牛的价格比他们二百精锐三个月的军饷还多，顾子毅却没有觉得可惜，相反他觉得纤尘做得很好，嘴角上扬，忍不住笑出了声，“呵呵……”<br/><br/>&nbsp;&nbsp;&nbsp;&nbsp;自兵权被收后，方海和阿峰已经很久都没见过瑞王笑了，还笑得这么开心，两人同时诧异地看向顾子毅，异口同声道：“殿下您笑什么，是不是太生气了？”<br/><br/>&nbsp;&nbsp;&nbsp;&nbsp;“我笑自然是因为我高兴！”顾子毅立即敛笑容严，分别看了眼还一脸茫然的方海和阿峰，大有恨铁不成钢的意味，“一百头肉牛换两百条士兵的性命你们说我亏吗？”<br/><br/>&nbsp;&nbsp;&nbsp;&nbsp;经顾子毅这么一点拨，方海和阿峰顿悟，曹将军手里可是有交州东西郊两处人马，西郊营地偏远驻守在那里的士兵一时半会过不来；但是仅仅是东郊营地及魏参将这边的士兵就有两千人。<br/><br/>&nbsp;&nbsp;&nbsp;&nbsp;瑞王的士兵刚经历过一场硬战，即便瑞王的士兵再强，也敌不过魏参将这边两千士兵的围攻。<br/><br/>&nbsp;&nbsp;&nbsp;&nbsp;那一百头肉牛是殿下的诚意也是殿下给魏参将的一颗定心丸，不仅换得了两百条精锐士兵的性命，还换来了两千交州士兵的心，这样说来，他们殿下不亏反赚。<br/><br/>&nbsp;&nbsp;&nbsp;&nbsp;方海和阿峰二人开始还嫌弃纤尘出手太阔绰，为他们王爷感到不值，现在又佩服起她来。<br/><br/>&nbsp;&nbsp;&nbsp;&nbsp;今夜，注定又是一个不平凡的夜。<br/><br/>&nbsp;&nbsp;&nbsp;&nbsp;月明星稀，海上明月将交州府衙内照了个府内明月光。<br/><br/>&nbsp;&nbsp;&nbsp;&nbsp;交州府衙内热闹非凡。<br/><br/>&nbsp;&nbsp;&nbsp;&nbsp;台上张县令起身端酒恭维道“瑞王殿下剿灭东阴人，为我纪国除去一个毒瘤，功在千秋呀！老臣敬殿下一杯。”<br/><br/>&nbsp;&nbsp;&nbsp;&nbsp;顾子毅一饮而尽，接着，他刚喝完张县令敬的酒，曹将军又来，“瑞王殿下年轻有为，真不愧是我纪国的战神，老臣佩服，老臣先干为净。”<br/><br/>&nbsp;&nbsp;&nbsp;&nbsp;……<br/><br/>&nbsp;&nbsp;&nbsp;&nbsp;张县令和曹将军轮番敬着顾子毅的酒，两人看着顾子毅爽快喝下，心照不宣的对视，眼里有按耐不住的窃喜闪过。<br/><br/>&nbsp;&nbsp;&nbsp;&nbsp;主台下士兵们也大口喝酒，大块吃肉，划拳声不绝于耳。<br/><br/>&nbsp;&nbsp;&nbsp;&nbsp;喧嚣声没持续多久便戛然而止，交州县衙府内瞬间安静了下来，这份安静来得有些诡异，瑞王已经趴在了桌子上，他的那些精锐士兵也都趴在了桌子上，大家仿佛都醉得不轻，都沉沉地睡了过去。<br/><br/>&nbsp;&nbsp;&nbsp;&nbsp;“殿下，醒醒，快醒醒，瑞王殿下，您醉了吗，快醒一醒？”为了稳妥，曹将军还故意推了推趴在桌上的顾子毅。<br/><br/>&nbsp;&nbsp;&nbsp;&nbsp;顾子毅像条死狗一样，趴在桌上没有半点反应。<br/><br/>&nbsp;&nbsp;&nbsp;&nbsp;见瑞王没有反应，张县令又向身边一个衙兵使了一个眼色，那衙兵会意，到台下去推了推几个趴着的士兵，他们依旧没有任何反应。<br/><br/>&nbsp;&nbsp;&nbsp;&nbsp;张县令和曹将军二人来到台前，看到眼前这黑压压趴着的人头，又互视一眼这才松了口气。<br/><br/>&nbsp;&nbsp;&nbsp;&nbsp;“迷迭露”无色、无味，即便是大量使用也不易被人察觉，只是这毒，毒不死人，只能让人暂时昏睡过去，瑞王他们已经全部中毒昏睡过去，瑞王大势已去，曹将军气定神闲地喊道：“来人！”<br/><br/>&nbsp;&nbsp;&nbsp;&nbsp;事先带着自己的兵，隐藏在县衙府内的魏参将，带着他的兵快速集结到曹将军面前。<br/><br/>&nbsp;&nbsp;&nbsp;&nbsp;纤尘也伪装成士兵混在了队伍里。<br/><br/>&nbsp;&nbsp;&nbsp;&nbsp;“交州左参将魏孤青等候将军发令。”<br/><br/>&nbsp;&nbsp;&nbsp;&nbsp;看到魏参将带来的这些兵，张县令点点头满意地捋着他的小山羊胡子，曹将军脸上也露出一抹得意，对着魏参将做了个抹脖子的手势。<br/><br/>&nbsp;&nbsp;&nbsp;&nbsp;“是”魏参将会意领命，旋即，他看了一眼身边的纤尘，纤尘也看了他一眼，二人心有灵犀地同时上台对上了曹将军。<br/><br/>&nbsp;&nbsp;&nbsp;&nbsp;其他士兵则开始控制县衙府内其他的人，包括一些下人和一些为数不多的衙兵。<br/><br/>&nbsp;&nbsp;&nbsp;&nbsp;魏参将的临阵倒戈，让张县令和曹将军措手不及，张县令是文官没有什么功夫底子，三两下就被士兵擒住，嘴里还不停地叫着“来人，来人呀！”<br/><br/>&nbsp;&nbsp;&nbsp;&nbsp;此刻张县令哪里还叫得出人？他的人早已经被魏参将的人控制住。<br/><br/>&nbsp;&nbsp;&nbsp;&nbsp;曹将军原是镇南将军王——邱奎岚将军手里的一员猛将，凭着自己一身功夫杀敌无数坐上了交州海防将军之位，也算是个有真功夫的人，面对魏参将和纤尘的进攻他还能应付，只是他一人如何能敌这数百士兵？<br/><br/>&nbsp;&nbsp;&nbsp;&nbsp;曹将军想着，只要自己突围出去就有机会反败为胜，西郊营地还有一万士兵可供自己用，到时候他给魏参将冠个谋反的罪名不怕弄不死他。<br/><br/>&nbsp;&nbsp;&nbsp;&nbsp;他环顾一眼四周，瑞王和他的那些士兵还趴在桌子上，心生一计，“魏参将，你看看瑞王和他的那些兵都已中毒，左右都是个死，你与我为敌又有何好处？不如我们和解，我既往不咎大家还是兄弟如何？”<br/><br/>&nbsp;&nbsp;&nbsp;&nbsp;“曹将军，我忍你很久了，你身为交州的海防将军非但不保护交州百姓，还与东阴人联手欺压百姓，如今又陷害瑞王，我不是你的什么兄弟，我今天就要为民除害。”<br/><br/>&nbsp;&nbsp;&nbsp;&nbsp;曹将军没想到魏参将不吃他那一套，气急败坏怒喝：“魏孤青，你以下犯上是要造反吗？”<br/><br/>&nbsp;&nbsp;&nbsp;&nbsp;突然一柄剑从曹将军的身后架在了他的脖子上，“曹将军，那你呢，毒害本王算不算是造反？”这声音不急不缓却如同鬼魅，带着阴曹地府般死亡的气息。"},"ok":true}
2024-12-01 20:16:14,788 INFO (HikariDataSource.java:349)- HikariPool-1 - Shutdown initiated...
2024-12-01 20:16:14,793 INFO (HikariDataSource.java:351)- HikariPool-1 - Shutdown completed.
